
> moussawer@0.1.0 dev
> concurrently -n api,web -c cyan,magenta "npm:dev:api" "npm:dev:web"

[api] 
[api] > moussawer@0.1.0 dev:api
[api] > tsx watch server/index.ts
[api] 
[web] 
[web] > moussawer@0.1.0 dev:web
[web] > vite --host 0.0.0.0
[web] 
[web] 9:40:42 p.m. [vite] (client) Re-optimizing dependencies because lockfile has changed
[web] 
[web]   VITE v6.4.2  ready in 219 ms
[web] 
[web]   ➜  Local:   http://localhost:5173/
[web]   ➜  Network: http://192.168.2.16:5173/
[web]   ➜  Network: http://172.17.0.1:5173/
[api] ✅ Database connected successfully
[api] Moussawer API running on http://localhost:4000
[api] API docs available at http://localhost:4000/api-docs
[api] [0mGET /api/v1/health [32m200[0m 8.367 ms - 84[0m
[api] [0mGET /api/v1/health [32m200[0m 5.340 ms - 84[0m
[api] [0mGET /api/v1/me [32m200[0m 4.285 ms - 13[0m
[api] [0mGET /api/v1/me [36m304[0m 0.815 ms - -[0m
[api] [0mGET /api/v1/photographers?limit=3&sort=rating [32m200[0m 29.699 ms - 8490[0m
[api] [0mGET /api/v1/photographers?limit=3&sort=rating [36m304[0m 10.823 ms - -[0m
[api] [0mPOST /api/v1/auth/login [32m200[0m 342.884 ms - 666[0m
[api] [0mGET /api/v1/favorites [32m200[0m 19.659 ms - 2704[0m
[api] [0mGET /api/v1/bookings [32m200[0m 23.962 ms - 2960[0m
[api] [0mGET /api/v1/favorites [36m304[0m 10.246 ms - -[0m
[api] [0mGET /api/v1/bookings [36m304[0m 8.478 ms - -[0m
[web] 9:46:18 p.m. [vite] vite.config.ts changed, restarting server...
[web] 9:46:18 p.m. [vite] server restarted.
[api] [0mGET /api/v1/health [32m200[0m 10.904 ms - 84[0m
[api] [0mGET / [32m200[0m 3.060 ms - 394[0m
[api] [0mGET /assets/index-DMT2T78O.css [32m200[0m 1.351 ms - 21799[0m
[api] [0mGET /assets/index-D4nRhJ_e.js [32m200[0m 1.326 ms - 339067[0m
[api] [0mGET /api/v1/me [32m200[0m 0.196 ms - 13[0m
[api] [0mGET /api/v1/photographers?limit=3&sort=rating [32m200[0m 28.589 ms - 8490[0m
[api] [0mGET /login [32m200[0m 2.976 ms - 394[0m
[api] [0mGET /assets/index-DMT2T78O.css [36m304[0m 0.798 ms - -[0m
[api] [0mGET /assets/index-D4nRhJ_e.js [36m304[0m 1.858 ms - -[0m
[api] [0mGET /api/v1/me [36m304[0m 0.170 ms - -[0m
[api] [0mGET / [32m200[0m 0.495 ms - 394[0m
[api] [0mGET /assets/index-DMT2T78O.css [32m200[0m 1.236 ms - 21799[0m
[api] [0mGET /assets/index-D4nRhJ_e.js [32m200[0m 1.341 ms - 339067[0m
[api] [0mGET /api/v1/me [32m200[0m 0.213 ms - 13[0m
[api] [0mGET /login [32m200[0m 0.995 ms - 394[0m
[api] [0mGET /api/v1/photographers?limit=3&sort=rating [0m-[0m - ms - -[0m
[api] [0mGET /assets/index-D4nRhJ_e.js [36m304[0m 0.767 ms - -[0m
[api] [0mGET /assets/index-DMT2T78O.css [36m304[0m 1.655 ms - -[0m
[api] [0mGET /api/v1/me [36m304[0m 0.138 ms - -[0m
[api] [0mPOST /api/v1/auth/login [33m401[0m 2.746 ms - 78[0m
[api] [0mGET / [32m200[0m 0.447 ms - 394[0m
[api] [0mGET /assets/index-DMT2T78O.css [32m200[0m 0.633 ms - 21799[0m
[api] [0mGET /assets/index-D4nRhJ_e.js [32m200[0m 1.596 ms - 339067[0m
[api] [0mGET /api/v1/me [32m200[0m 0.198 ms - 13[0m
[api] [0mGET /login [32m200[0m 0.726 ms - 394[0m
[api] [0mGET /api/v1/photographers?limit=3&sort=rating [32m200[0m 10.905 ms - 8490[0m
[api] [0mGET /assets/index-D4nRhJ_e.js [36m304[0m 0.257 ms - -[0m
[api] [0mGET /assets/index-DMT2T78O.css [36m304[0m 0.273 ms - -[0m
[api] [0mGET /api/v1/me [36m304[0m 0.216 ms - -[0m
[api] [0mPOST /api/v1/auth/login [32m200[0m 343.585 ms - 555[0m
[api] [0mGET /api/v1/bookings [32m200[0m 7.208 ms - 3928[0m
[api] [0mGET / [32m200[0m 0.363 ms - 394[0m
[api] [0mGET /assets/index-DMT2T78O.css [32m200[0m 0.692 ms - 21799[0m
[api] [0mGET /assets/index-D4nRhJ_e.js [32m200[0m 0.797 ms - 339067[0m
[api] [0mGET /api/v1/me [32m200[0m 0.252 ms - 13[0m
[api] [0mGET /login [32m200[0m 0.929 ms - 394[0m
[api] [0mGET /api/v1/photographers?limit=3&sort=rating [32m200[0m 11.803 ms - 8490[0m
[api] [0mGET /assets/index-D4nRhJ_e.js [36m304[0m 0.682 ms - -[0m
[api] [0mGET /assets/index-DMT2T78O.css [36m304[0m 0.605 ms - -[0m
[api] [0mGET /api/v1/me [36m304[0m 0.208 ms - -[0m
[api] [0mPOST /api/v1/auth/login [32m200[0m 343.761 ms - 555[0m
[api] [0mGET /api/v1/bookings [32m200[0m 5.525 ms - 3928[0m
[api] [0mGET /api/v1/disputes [32m200[0m 27.746 ms - 937[0m
[api] [0mGET /api/v1/incidents [32m200[0m 31.390 ms - 958[0m
[api] [0mGET /api/v1/admin/activity [32m200[0m 30.329 ms - 2138[0m
[api] [0mGET /api/v1/admin/stats [32m200[0m 52.471 ms - 177[0m
[api] [0mGET / [32m200[0m 0.488 ms - 394[0m
[api] [0mGET /assets/index-DMT2T78O.css [32m200[0m 0.723 ms - 21799[0m
[api] [0mGET /assets/index-D4nRhJ_e.js [32m200[0m 0.765 ms - 339067[0m
[api] [0mGET /api/v1/me [32m200[0m 0.145 ms - 13[0m
[api] [0mGET /login [32m200[0m 1.176 ms - 394[0m
[api] [0mGET /api/v1/photographers?limit=3&sort=rating [0m-[0m - ms - -[0m
[api] [0mGET /assets/index-D4nRhJ_e.js [36m304[0m 0.443 ms - -[0m
[api] [0mGET /assets/index-DMT2T78O.css [36m304[0m 0.258 ms - -[0m
[api] [0mGET /api/v1/me [36m304[0m 0.145 ms - -[0m
[api] [0mPOST /api/v1/auth/login [32m200[0m 329.894 ms - 555[0m
[api] [0mGET /api/v1/bookings [32m200[0m 11.147 ms - 3928[0m
[api] [0mGET / [32m200[0m 0.487 ms - 394[0m
[api] [0mGET /assets/index-DMT2T78O.css [32m200[0m 0.625 ms - 21799[0m
[api] [0mGET /assets/index-D4nRhJ_e.js [32m200[0m 0.726 ms - 339067[0m
[api] [0mGET /api/v1/me [32m200[0m 0.197 ms - 13[0m
[api] [0mGET /login [32m200[0m 8.946 ms - 394[0m
[api] [0mGET /api/v1/photographers?limit=3&sort=rating [32m200[0m 35.073 ms - 8490[0m
[api] [0mGET /assets/index-D4nRhJ_e.js [36m304[0m 2.898 ms - -[0m
[api] [0mGET /assets/index-DMT2T78O.css [36m304[0m 2.401 ms - -[0m
[api] [0mGET /api/v1/me [36m304[0m 0.206 ms - -[0m
[api] [0mPOST /api/v1/auth/login [32m200[0m 325.636 ms - 666[0m
[api] [0mGET /admin [32m200[0m 0.603 ms - 394[0m
[api] [0mGET /assets/index-D4nRhJ_e.js [36m304[0m 0.424 ms - -[0m
[api] [0mGET /assets/index-DMT2T78O.css [36m304[0m 0.395 ms - -[0m
[api] [0mGET /api/v1/me [32m200[0m 3.791 ms - 473[0m
[api] [0mGET /api/v1/bookings [32m200[0m 7.116 ms - 3928[0m
[api] [0mGET /api/v1/favorites [32m200[0m 9.531 ms - 2704[0m
[api] [0mGET / [32m200[0m 1.071 ms - 394[0m
[api] [0mGET / [32m200[0m 2.655 ms - 394[0m
[api] [0mGET /assets/index-DMT2T78O.css [32m200[0m 0.666 ms - 21799[0m
[api] [0mGET /assets/index-D4nRhJ_e.js [32m200[0m 1.607 ms - 339067[0m
[api] [0mGET /api/v1/me [32m200[0m 0.248 ms - 13[0m
[api] [0mGET /login [32m200[0m 2.227 ms - 394[0m
[api] [0mGET /api/v1/photographers?limit=3&sort=rating [0m-[0m - ms - -[0m
[api] [0mGET /assets/index-D4nRhJ_e.js [36m304[0m 0.597 ms - -[0m
[api] [0mGET /assets/index-DMT2T78O.css [36m304[0m 1.380 ms - -[0m
[api] [0mGET /api/v1/me [36m304[0m 0.275 ms - -[0m
[api] [0mGET / [32m200[0m 0.440 ms - 394[0m
[api] [0mGET /assets/index-DMT2T78O.css [32m200[0m 1.546 ms - 21799[0m
[api] [0mGET /assets/index-D4nRhJ_e.js [32m200[0m 1.655 ms - 339067[0m
[api] [0mGET /api/v1/me [32m200[0m 0.194 ms - 13[0m
[api] [0mGET /login [32m200[0m 0.688 ms - 394[0m
[api] [0mGET /api/v1/photographers?limit=3&sort=rating [0m-[0m - ms - -[0m
[api] [0mGET /assets/index-D4nRhJ_e.js [36m304[0m 2.390 ms - -[0m
[api] [0mGET /assets/index-DMT2T78O.css [36m304[0m 0.285 ms - -[0m
[api] [0mGET /api/v1/me [36m304[0m 0.654 ms - -[0m
[api] [0mPOST /api/v1/auth/login [33m401[0m 2.211 ms - 78[0m
[api] [0mGET / [32m200[0m 0.965 ms - 394[0m
[api] [0mGET /assets/index-DMT2T78O.css [32m200[0m 0.570 ms - 21799[0m
[api] [0mGET /assets/index-D4nRhJ_e.js [32m200[0m 0.752 ms - 339067[0m
[api] [0mGET /api/v1/me [32m200[0m 0.210 ms - 13[0m
[api] [0mGET /login [32m200[0m 1.501 ms - 394[0m
[api] [0mGET /api/v1/photographers?limit=3&sort=rating [32m200[0m 16.928 ms - 8490[0m
[api] [0mGET /assets/index-D4nRhJ_e.js [36m304[0m 0.219 ms - -[0m
[api] [0mGET /assets/index-DMT2T78O.css [36m304[0m 0.198 ms - -[0m
[api] [0mGET /api/v1/me [36m304[0m 0.363 ms - -[0m
[api] [0mPOST /api/v1/auth/login [32m200[0m 355.016 ms - 555[0m
[api] [0mGET /api/v1/bookings [32m200[0m 7.413 ms - 3928[0m
[api] [0mGET / [32m200[0m 0.319 ms - 394[0m
[api] [0mGET /assets/index-DMT2T78O.css [32m200[0m 1.493 ms - 21799[0m
[api] [0mGET /assets/index-D4nRhJ_e.js [32m200[0m 1.581 ms - 339067[0m
[api] [0mGET /api/v1/me [32m200[0m 0.294 ms - 13[0m
[api] [0mGET /api/v1/photographers?limit=3&sort=rating [32m200[0m 14.649 ms - 8490[0m
[api] [0mGET /login [32m200[0m 6.220 ms - 394[0m
[api] [0mGET /assets/index-DMT2T78O.css [36m304[0m 0.303 ms - -[0m
[api] [0mGET /assets/index-D4nRhJ_e.js [36m304[0m 0.274 ms - -[0m
[api] [0mGET /api/v1/me [36m304[0m 0.155 ms - -[0m
[api] [0mPOST /api/v1/auth/login [32m200[0m 345.900 ms - 555[0m
[api] [0mGET /api/v1/bookings [32m200[0m 8.796 ms - 3928[0m
[api] [0mGET /api/v1/disputes [32m200[0m 11.837 ms - 937[0m
[api] [0mGET /api/v1/incidents [32m200[0m 19.231 ms - 958[0m
[api] [0mGET /api/v1/admin/activity [32m200[0m 22.563 ms - 2138[0m
[api] [0mGET /api/v1/admin/stats [32m200[0m 53.038 ms - 177[0m
[api] [0mGET / [32m200[0m 0.368 ms - 394[0m
[api] [0mGET /assets/index-DMT2T78O.css [32m200[0m 0.554 ms - 21799[0m
[api] [0mGET /assets/index-D4nRhJ_e.js [32m200[0m 0.631 ms - 339067[0m
[api] [0mGET /api/v1/me [32m200[0m 0.239 ms - 13[0m
[api] [0mGET /login [32m200[0m 1.721 ms - 394[0m
[api] [0mGET /api/v1/photographers?limit=3&sort=rating [0m-[0m - ms - -[0m
[api] [0mGET /assets/index-D4nRhJ_e.js [36m304[0m 0.393 ms - -[0m
[api] [0mGET /assets/index-DMT2T78O.css [36m304[0m 0.236 ms - -[0m
[api] [0mGET /api/v1/me [36m304[0m 0.158 ms - -[0m
[api] [0mPOST /api/v1/auth/login [32m200[0m 340.043 ms - 555[0m
[api] [0mGET /api/v1/bookings [32m200[0m 8.751 ms - 3928[0m
[api] [0mGET / [32m200[0m 0.412 ms - 394[0m
[api] [0mGET /assets/index-DMT2T78O.css [32m200[0m 0.840 ms - 21799[0m
[api] [0mGET /assets/index-D4nRhJ_e.js [32m200[0m 0.739 ms - 339067[0m
[api] [0mGET /api/v1/me [32m200[0m 0.199 ms - 13[0m
[api] [0mGET /login [32m200[0m 0.753 ms - 394[0m
[api] [0mGET /api/v1/photographers?limit=3&sort=rating [32m200[0m 11.149 ms - 8490[0m
[api] [0mGET /assets/index-D4nRhJ_e.js [36m304[0m 0.352 ms - -[0m
[api] [0mGET /assets/index-DMT2T78O.css [36m304[0m 0.333 ms - -[0m
[api] [0mGET /api/v1/me [36m304[0m 0.236 ms - -[0m
[api] [0mPOST /api/v1/auth/login [32m200[0m 352.881 ms - 666[0m
[api] [0mGET /admin [32m200[0m 0.505 ms - 394[0m
[api] [0mGET /assets/index-D4nRhJ_e.js [36m304[0m 0.577 ms - -[0m
[api] [0mGET /assets/index-DMT2T78O.css [36m304[0m 0.361 ms - -[0m
[api] [0mGET /api/v1/me [32m200[0m 4.028 ms - 473[0m
[api] [0mGET /api/v1/bookings [32m200[0m 7.803 ms - 3928[0m
[api] [0mGET /api/v1/favorites [32m200[0m 13.733 ms - 2704[0m
[api] [0mGET /api/v1/health [32m200[0m 7.540 ms - 84[0m
[api] [0mGET / [32m200[0m 0.569 ms - 394[0m
[api] [0mGET /assets/index-DMT2T78O.css [32m200[0m 0.654 ms - 21799[0m
[api] [0mGET /assets/index-D4nRhJ_e.js [32m200[0m 0.696 ms - 339067[0m
[api] [0mGET /api/v1/me [32m200[0m 0.178 ms - 13[0m
[api] [0mGET /login [32m200[0m 0.654 ms - 394[0m
[api] [0mGET /api/v1/photographers?limit=3&sort=rating [0m-[0m - ms - -[0m
[api] [0mGET /assets/index-D4nRhJ_e.js [36m304[0m 0.424 ms - -[0m
[api] [0mGET /assets/index-DMT2T78O.css [36m304[0m 0.360 ms - -[0m
[api] [0mGET /api/v1/me [36m304[0m 0.165 ms - -[0m
[api] [0mGET / [32m200[0m 0.489 ms - 394[0m
[api] [0mGET /assets/index-DMT2T78O.css [32m200[0m 0.572 ms - 21799[0m
[api] [0mGET /assets/index-D4nRhJ_e.js [32m200[0m 0.657 ms - 339067[0m
[api] [0mGET /api/v1/me [32m200[0m 0.253 ms - 13[0m
[api] [0mGET /login [32m200[0m 1.417 ms - 394[0m
[api] [0mGET /api/v1/photographers?limit=3&sort=rating [0m-[0m - ms - -[0m
[api] [0mGET /assets/index-D4nRhJ_e.js [36m304[0m 0.314 ms - -[0m
[api] [0mGET /assets/index-DMT2T78O.css [36m304[0m 0.487 ms - -[0m
[api] [0mGET /api/v1/me [36m304[0m 0.146 ms - -[0m
[api] [0mPOST /api/v1/auth/login [33m401[0m 2.022 ms - 78[0m
[api] [0mGET / [32m200[0m 0.378 ms - 394[0m
[api] [0mGET /assets/index-DMT2T78O.css [32m200[0m 0.617 ms - 21799[0m
[api] [0mGET /assets/index-D4nRhJ_e.js [32m200[0m 0.665 ms - 339067[0m
[api] [0mGET /api/v1/me [32m200[0m 0.212 ms - 13[0m
[api] [0mGET /login [32m200[0m 0.666 ms - 394[0m
[api] [0mGET /api/v1/photographers?limit=3&sort=rating [32m200[0m 10.157 ms - 8491[0m
[api] [0mGET /assets/index-D4nRhJ_e.js [36m304[0m 0.305 ms - -[0m
[api] [0mGET /assets/index-DMT2T78O.css [36m304[0m 0.300 ms - -[0m
[api] [0mGET /api/v1/me [36m304[0m 0.154 ms - -[0m
[api] [0mPOST /api/v1/auth/login [32m200[0m 342.882 ms - 555[0m
[api] [0mGET /api/v1/bookings [32m200[0m 7.511 ms - 4896[0m
[api] [0mGET / [32m200[0m 0.477 ms - 394[0m
[api] [0mGET /assets/index-DMT2T78O.css [32m200[0m 0.556 ms - 21799[0m
[api] [0mGET /assets/index-D4nRhJ_e.js [32m200[0m 0.608 ms - 339067[0m
[api] [0mGET /api/v1/me [32m200[0m 0.210 ms - 13[0m
[api] [0mGET /login [32m200[0m 0.947 ms - 394[0m
[api] [0mGET /api/v1/photographers?limit=3&sort=rating [0m-[0m - ms - -[0m
[api] [0mGET /assets/index-D4nRhJ_e.js [36m304[0m 0.721 ms - -[0m
[api] [0mGET /assets/index-DMT2T78O.css [36m304[0m 1.002 ms - -[0m
[api] [0mGET /api/v1/me [36m304[0m 0.199 ms - -[0m
[api] [0mPOST /api/v1/auth/login [32m200[0m 344.832 ms - 555[0m
[api] [0mGET /api/v1/bookings [32m200[0m 6.666 ms - 4896[0m
[api] [0mGET /api/v1/admin/stats [32m200[0m 6.832 ms - 177[0m
[api] [0mGET /api/v1/disputes [32m200[0m 5.673 ms - 1336[0m
[api] [0mGET /api/v1/incidents [32m200[0m 8.174 ms - 1362[0m
[api] [0mGET /api/v1/admin/activity [32m200[0m 7.147 ms - 3376[0m
[api] [0mGET / [32m200[0m 0.549 ms - 394[0m
[api] [0mGET /assets/index-DMT2T78O.css [32m200[0m 0.629 ms - 21799[0m
[api] [0mGET /assets/index-D4nRhJ_e.js [32m200[0m 0.711 ms - 339067[0m
[api] [0mGET /api/v1/me [32m200[0m 0.172 ms - 13[0m
[api] [0mGET /api/v1/photographers?limit=3&sort=rating [32m200[0m 11.568 ms - 8491[0m
[api] [0mGET /login [32m200[0m 0.686 ms - 394[0m
[api] [0mGET /assets/index-D4nRhJ_e.js [36m304[0m 0.459 ms - -[0m
[api] [0mGET /assets/index-DMT2T78O.css [36m304[0m 0.424 ms - -[0m
[api] [0mGET /api/v1/me [36m304[0m 0.217 ms - -[0m
[api] [0mPOST /api/v1/auth/login [32m200[0m 356.901 ms - 555[0m
[api] [0mGET /api/v1/bookings [32m200[0m 8.096 ms - 4896[0m
[api] [0mGET / [32m200[0m 0.446 ms - 394[0m
[api] [0mGET /assets/index-DMT2T78O.css [32m200[0m 0.760 ms - 21799[0m
[api] [0mGET /assets/index-D4nRhJ_e.js [32m200[0m 0.817 ms - 339067[0m
[api] [0mGET /api/v1/me [32m200[0m 0.179 ms - 13[0m
[api] [0mGET /login [32m200[0m 1.262 ms - 394[0m
[api] [0mGET /api/v1/photographers?limit=3&sort=rating [0m-[0m - ms - -[0m
[api] [0mGET /assets/index-D4nRhJ_e.js [36m304[0m 0.945 ms - -[0m
[api] [0mGET /assets/index-DMT2T78O.css [36m304[0m 1.019 ms - -[0m
[api] [0mGET /api/v1/me [36m304[0m 0.229 ms - -[0m
[api] [0mPOST /api/v1/auth/login [32m200[0m 347.428 ms - 666[0m
[api] [0mGET /admin [32m200[0m 0.426 ms - 394[0m
[api] [0mGET /assets/index-D4nRhJ_e.js [36m304[0m 0.355 ms - -[0m
[api] [0mGET /assets/index-DMT2T78O.css [36m304[0m 0.320 ms - -[0m
[api] [0mGET /api/v1/me [32m200[0m 7.097 ms - 473[0m
[api] [0mGET /api/v1/bookings [32m200[0m 5.216 ms - 4896[0m
[api] [0mGET /api/v1/favorites [32m200[0m 7.653 ms - 2704[0m
[api] [0mGET / [32m200[0m 0.340 ms - 394[0m
[api] [0mGET /assets/index-DMT2T78O.css [32m200[0m 0.781 ms - 21799[0m
[api] [0mGET /assets/index-D4nRhJ_e.js [32m200[0m 0.767 ms - 339067[0m
[api] [0mGET /api/v1/me [32m200[0m 0.190 ms - 13[0m
[api] [0mGET /login [32m200[0m 1.261 ms - 394[0m
[api] [0mGET /api/v1/photographers?limit=3&sort=rating [0m-[0m - ms - -[0m
[api] [0mGET /assets/index-D4nRhJ_e.js [36m304[0m 0.579 ms - -[0m
[api] [0mGET /assets/index-DMT2T78O.css [36m304[0m 0.454 ms - -[0m
[api] [0mGET /api/v1/me [36m304[0m 0.136 ms - -[0m
[api] [0mGET / [32m200[0m 0.309 ms - 394[0m
[api] [0mGET /assets/index-DMT2T78O.css [32m200[0m 0.596 ms - 21799[0m
[api] [0mGET /assets/index-D4nRhJ_e.js [32m200[0m 0.720 ms - 339067[0m
[api] [0mGET /api/v1/me [32m200[0m 0.170 ms - 13[0m
[api] [0mGET /login [32m200[0m 0.573 ms - 394[0m
[api] [0mGET /api/v1/photographers?limit=3&sort=rating [0m-[0m - ms - -[0m
[api] [0mGET /assets/index-D4nRhJ_e.js [36m304[0m 0.639 ms - -[0m
[api] [0mGET /assets/index-DMT2T78O.css [36m304[0m 0.656 ms - -[0m
[api] [0mGET /api/v1/me [36m304[0m 0.201 ms - -[0m
[api] [0mPOST /api/v1/auth/login [33m401[0m 2.099 ms - 78[0m
[api] [0mGET / [32m200[0m 0.343 ms - 394[0m
[api] [0mGET /assets/index-DMT2T78O.css [32m200[0m 0.778 ms - 21799[0m
[api] [0mGET /assets/index-D4nRhJ_e.js [32m200[0m 0.744 ms - 339067[0m
[api] [0mGET /api/v1/me [32m200[0m 0.233 ms - 13[0m
[api] [0mGET /api/v1/photographers?limit=3&sort=rating [32m200[0m 11.073 ms - 8491[0m
[api] [0mGET /login [32m200[0m 1.485 ms - 394[0m
[api] [0mGET /assets/index-D4nRhJ_e.js [36m304[0m 0.524 ms - -[0m
[api] [0mGET /assets/index-DMT2T78O.css [36m304[0m 0.419 ms - -[0m
[api] [0mGET /api/v1/me [36m304[0m 0.149 ms - -[0m
[api] [0mPOST /api/v1/auth/login [32m200[0m 336.036 ms - 555[0m
[api] [0mGET /api/v1/bookings [32m200[0m 7.769 ms - 4896[0m
[api] [0mGET / [32m200[0m 1.081 ms - 394[0m
[api] [0mGET /assets/index-DMT2T78O.css [32m200[0m 0.631 ms - 21799[0m
[api] [0mGET /assets/index-D4nRhJ_e.js [32m200[0m 0.705 ms - 339067[0m
[api] [0mGET /api/v1/me [32m200[0m 0.185 ms - 13[0m
[api] [0mGET /login [32m200[0m 1.388 ms - 394[0m
[api] [0mGET /api/v1/photographers?limit=3&sort=rating [32m200[0m 17.427 ms - 8491[0m
[api] [0mGET /assets/index-D4nRhJ_e.js [36m304[0m 0.581 ms - -[0m
[api] [0mGET /assets/index-DMT2T78O.css [36m304[0m 0.567 ms - -[0m
[api] [0mGET /api/v1/me [36m304[0m 0.174 ms - -[0m
[api] [0mPOST /api/v1/auth/login [32m200[0m 360.536 ms - 555[0m
[api] [0mGET /api/v1/bookings [32m200[0m 7.494 ms - 4896[0m
[api] [0mGET /api/v1/incidents [32m200[0m 28.724 ms - 1362[0m
[api] [0mGET /api/v1/disputes [32m200[0m 28.102 ms - 1336[0m
[api] [0mGET /api/v1/admin/activity [32m200[0m 28.271 ms - 3376[0m
[api] [0mGET /api/v1/admin/stats [32m200[0m 75.042 ms - 177[0m
[api] [0mGET / [32m200[0m 1.184 ms - 394[0m
[api] [0mGET /assets/index-DMT2T78O.css [32m200[0m 0.656 ms - 21799[0m
[api] [0mGET /assets/index-D4nRhJ_e.js [32m200[0m 0.862 ms - 339067[0m
[api] [0mGET /api/v1/me [32m200[0m 0.150 ms - 13[0m
[api] [0mGET /login [32m200[0m 0.763 ms - 394[0m
[api] [0mGET /api/v1/photographers?limit=3&sort=rating [32m200[0m 20.169 ms - 8491[0m
[api] [0mGET /assets/index-D4nRhJ_e.js [36m304[0m 0.453 ms - -[0m
[api] [0mGET /assets/index-DMT2T78O.css [36m304[0m 0.487 ms - -[0m
[api] [0mGET /api/v1/me [36m304[0m 0.253 ms - -[0m
[api] [0mPOST /api/v1/auth/login [32m200[0m 347.232 ms - 555[0m
[api] [0mGET /api/v1/bookings [32m200[0m 7.337 ms - 4896[0m
[api] [0mGET / [32m200[0m 0.437 ms - 394[0m
[api] [0mGET /assets/index-DMT2T78O.css [32m200[0m 0.532 ms - 21799[0m
[api] [0mGET /assets/index-D4nRhJ_e.js [32m200[0m 0.562 ms - 339067[0m
[api] [0mGET /api/v1/me [32m200[0m 0.117 ms - 13[0m
[api] [0mGET /api/v1/photographers?limit=3&sort=rating [32m200[0m 9.654 ms - 8491[0m
[api] [0mGET /login [32m200[0m 0.492 ms - 394[0m
[api] [0mGET /assets/index-D4nRhJ_e.js [36m304[0m 0.344 ms - -[0m
[api] [0mGET /assets/index-DMT2T78O.css [36m304[0m 0.317 ms - -[0m
[api] [0mGET /api/v1/me [36m304[0m 0.135 ms - -[0m
[api] [0mPOST /api/v1/auth/login [32m200[0m 333.473 ms - 666[0m
[api] [0mGET /admin [32m200[0m 0.510 ms - 394[0m
[api] [0mGET /assets/index-D4nRhJ_e.js [36m304[0m 0.508 ms - -[0m
[api] [0mGET /assets/index-DMT2T78O.css [36m304[0m 1.071 ms - -[0m
[api] [0mGET /api/v1/me [32m200[0m 4.371 ms - 473[0m
[api] [0mGET /api/v1/bookings [32m200[0m 7.340 ms - 4896[0m
[api] [0mGET /api/v1/favorites [32m200[0m 8.644 ms - 2704[0m
[api] [0mGET / [32m200[0m 0.396 ms - 394[0m
[api] [0mGET /assets/index-DMT2T78O.css [32m200[0m 0.582 ms - 21799[0m
[api] [0mGET /assets/index-D4nRhJ_e.js [32m200[0m 0.642 ms - 339067[0m
[api] [0mGET /api/v1/me [32m200[0m 0.193 ms - 13[0m
[api] [0mGET /login [32m200[0m 1.119 ms - 394[0m
[api] [0mGET /api/v1/photographers?limit=3&sort=rating [0m-[0m - ms - -[0m
[api] [0mGET /assets/index-D4nRhJ_e.js [36m304[0m 0.404 ms - -[0m
[api] [0mGET /assets/index-DMT2T78O.css [36m304[0m 0.538 ms - -[0m
[api] [0mGET /api/v1/me [36m304[0m 0.142 ms - -[0m
[api] [0mGET / [32m200[0m 0.518 ms - 394[0m
[api] [0mGET /assets/index-DMT2T78O.css [32m200[0m 0.740 ms - 21799[0m
[api] [0mGET /assets/index-D4nRhJ_e.js [32m200[0m 0.796 ms - 339067[0m
[api] [0mGET /api/v1/me [32m200[0m 0.178 ms - 13[0m
[api] [0mGET /login [32m200[0m 3.039 ms - 394[0m
[api] [0mGET /api/v1/photographers?limit=3&sort=rating [32m200[0m 12.760 ms - 8491[0m
[api] [0mGET /assets/index-DMT2T78O.css [36m304[0m 0.423 ms - -[0m
[api] [0mGET /assets/index-D4nRhJ_e.js [36m304[0m 0.526 ms - -[0m
[api] [0mGET /api/v1/me [36m304[0m 0.199 ms - -[0m
[api] [0mPOST /api/v1/auth/login [33m401[0m 1.967 ms - 78[0m
[api] [0mGET / [32m200[0m 0.651 ms - 394[0m
[api] [0mGET /assets/index-DMT2T78O.css [32m200[0m 0.617 ms - 21799[0m
[api] [0mGET /assets/index-D4nRhJ_e.js [32m200[0m 0.717 ms - 339067[0m
[api] [0mGET /api/v1/me [32m200[0m 0.193 ms - 13[0m
[api] [0mGET /api/v1/photographers?limit=3&sort=rating [32m200[0m 11.248 ms - 8491[0m
[api] [0mGET /login [32m200[0m 2.321 ms - 394[0m
[api] [0mGET /assets/index-DMT2T78O.css [36m304[0m 0.421 ms - -[0m
[api] [0mGET /assets/index-D4nRhJ_e.js [36m304[0m 0.375 ms - -[0m
[api] [0mGET /api/v1/me [36m304[0m 0.139 ms - -[0m
[api] [0mPOST /api/v1/auth/login [32m200[0m 336.431 ms - 555[0m
[api] [0mGET /api/v1/bookings [32m200[0m 5.546 ms - 4896[0m
[api] [0mGET / [32m200[0m 0.729 ms - 394[0m
[api] [0mGET /assets/index-DMT2T78O.css [32m200[0m 0.412 ms - 21799[0m
[api] [0mGET /assets/index-D4nRhJ_e.js [32m200[0m 0.551 ms - 339067[0m
[api] [0mGET /api/v1/me [32m200[0m 0.184 ms - 13[0m
[api] [0mGET /login [32m200[0m 0.836 ms - 394[0m
[api] [0mGET /api/v1/photographers?limit=3&sort=rating [32m200[0m 10.433 ms - 8491[0m
[api] [0mGET /assets/index-DMT2T78O.css [36m304[0m 0.512 ms - -[0m
[api] [0mGET /assets/index-D4nRhJ_e.js [36m304[0m 0.488 ms - -[0m
[api] [0mGET /api/v1/me [36m304[0m 0.178 ms - -[0m
[api] [0mPOST /api/v1/auth/login [32m200[0m 336.337 ms - 555[0m
[api] [0mGET /api/v1/bookings [32m200[0m 4.439 ms - 4896[0m
[api] [0mGET /api/v1/admin/stats [32m200[0m 6.355 ms - 177[0m
[api] [0mGET /api/v1/disputes [32m200[0m 5.574 ms - 1336[0m
[api] [0mGET /api/v1/incidents [32m200[0m 7.310 ms - 1362[0m
[api] [0mGET /api/v1/admin/activity [32m200[0m 5.969 ms - 3376[0m
[api] [0mGET / [32m200[0m 0.366 ms - 394[0m
[api] [0mGET /assets/index-DMT2T78O.css [32m200[0m 0.490 ms - 21799[0m
[api] [0mGET /assets/index-D4nRhJ_e.js [32m200[0m 0.561 ms - 339067[0m
[api] [0mGET /api/v1/me [32m200[0m 0.196 ms - 13[0m
[api] [0mGET /login [32m200[0m 0.452 ms - 394[0m
[api] [0mGET /api/v1/photographers?limit=3&sort=rating [0m-[0m - ms - -[0m
[api] [0mGET /assets/index-D4nRhJ_e.js [36m304[0m 0.693 ms - -[0m
[api] [0mGET /assets/index-DMT2T78O.css [36m304[0m 1.334 ms - -[0m
[api] [0mGET /api/v1/me [36m304[0m 0.162 ms - -[0m
[api] [0mPOST /api/v1/auth/login [32m200[0m 348.615 ms - 555[0m
[api] [0mGET /api/v1/bookings [32m200[0m 8.389 ms - 4896[0m
[api] [0mGET / [32m200[0m 0.359 ms - 394[0m
[api] [0mGET /assets/index-DMT2T78O.css [32m200[0m 0.706 ms - 21799[0m
[api] [0mGET /assets/index-D4nRhJ_e.js [32m200[0m 0.754 ms - 339067[0m
[api] [0mGET /api/v1/me [32m200[0m 0.212 ms - 13[0m
[api] [0mGET /login [32m200[0m 1.176 ms - 394[0m
[api] [0mGET /api/v1/photographers?limit=3&sort=rating [32m200[0m 13.284 ms - 8491[0m
[api] [0mGET /assets/index-DMT2T78O.css [36m304[0m 0.367 ms - -[0m
[api] [0mGET /assets/index-D4nRhJ_e.js [36m304[0m 0.333 ms - -[0m
[api] [0mGET /api/v1/me [36m304[0m 0.193 ms - -[0m
[api] [0mPOST /api/v1/auth/login [32m200[0m 347.683 ms - 666[0m
[api] [0mGET /admin [32m200[0m 0.546 ms - 394[0m
[api] [0mGET /assets/index-D4nRhJ_e.js [36m304[0m 0.382 ms - -[0m
[api] [0mGET /assets/index-DMT2T78O.css [36m304[0m 0.365 ms - -[0m
[api] [0mGET /api/v1/me [32m200[0m 4.202 ms - 473[0m
[api] [0mGET /api/v1/bookings [32m200[0m 5.241 ms - 4896[0m
[api] [0mGET /api/v1/favorites [32m200[0m 11.560 ms - 2704[0m
[api] [0mGET / [32m200[0m 0.395 ms - 394[0m
[api] [0mGET /assets/index-DMT2T78O.css [32m200[0m 0.996 ms - 21799[0m
[api] [0mGET /assets/index-D4nRhJ_e.js [32m200[0m 1.110 ms - 339067[0m
[api] [0mGET /api/v1/me [32m200[0m 0.207 ms - 13[0m
[api] [0mGET /api/v1/photographers?limit=3&sort=rating [32m200[0m 41.280 ms - 8491[0m
[api] [0mGET /login [32m200[0m 0.572 ms - 394[0m
[api] [0mGET /assets/index-DMT2T78O.css [36m304[0m 0.521 ms - -[0m
[api] [0mGET /assets/index-D4nRhJ_e.js [36m304[0m 0.472 ms - -[0m
[api] [0mGET /api/v1/me [36m304[0m 0.283 ms - -[0m
[api] [0mGET / [32m200[0m 0.488 ms - 394[0m
[api] [0mGET /assets/index-DMT2T78O.css [32m200[0m 0.668 ms - 21799[0m
[api] [0mGET /assets/index-D4nRhJ_e.js [32m200[0m 0.719 ms - 339067[0m
[api] [0mGET /api/v1/me [32m200[0m 0.195 ms - 13[0m
[api] [0mGET /api/v1/photographers?limit=3&sort=rating [32m200[0m 21.296 ms - 8491[0m
[api] [0mGET /login [32m200[0m 0.445 ms - 394[0m
[api] [0mGET /assets/index-D4nRhJ_e.js [36m304[0m 0.499 ms - -[0m
[api] [0mGET /assets/index-DMT2T78O.css [36m304[0m 0.395 ms - -[0m
[api] [0mGET /api/v1/me [36m304[0m 0.302 ms - -[0m
[api] [0mPOST /api/v1/auth/login [33m401[0m 3.201 ms - 78[0m
[api] [0mGET / [32m200[0m 0.349 ms - 394[0m
[api] [0mGET /assets/index-DMT2T78O.css [32m200[0m 0.713 ms - 21799[0m
[api] [0mGET /assets/index-D4nRhJ_e.js [32m200[0m 0.791 ms - 339067[0m
[api] [0mGET /api/v1/me [32m200[0m 0.220 ms - 13[0m
[api] [0mGET /api/v1/photographers?limit=3&sort=rating [32m200[0m 17.817 ms - 8491[0m
[api] [0mGET /login [32m200[0m 0.577 ms - 394[0m
[api] [0mGET /assets/index-DMT2T78O.css [36m304[0m 0.440 ms - -[0m
[api] [0mGET /assets/index-D4nRhJ_e.js [36m304[0m 0.438 ms - -[0m
[api] [0mGET /api/v1/me [36m304[0m 0.288 ms - -[0m
[api] [0mPOST /api/v1/auth/login [32m200[0m 381.287 ms - 555[0m
[api] [0mGET /api/v1/bookings [32m200[0m 10.303 ms - 4896[0m
[api] [0mGET / [32m200[0m 0.478 ms - 394[0m
[api] [0mGET /assets/index-DMT2T78O.css [32m200[0m 0.565 ms - 21799[0m
[api] [0mGET /assets/index-D4nRhJ_e.js [32m200[0m 0.663 ms - 339067[0m
[api] [0mGET /api/v1/me [32m200[0m 0.194 ms - 13[0m
[api] [0mGET /api/v1/photographers?limit=3&sort=rating [32m200[0m 13.359 ms - 8491[0m
[api] [0mGET /login [32m200[0m 1.246 ms - 394[0m
[api] [0mGET /assets/index-DMT2T78O.css [36m304[0m 1.623 ms - -[0m
[api] [0mGET /assets/index-D4nRhJ_e.js [36m304[0m 1.121 ms - -[0m
[api] [0mGET /api/v1/me [36m304[0m 0.181 ms - -[0m
[api] [0mPOST /api/v1/auth/login [32m200[0m 411.525 ms - 555[0m
[api] [0mGET /api/v1/bookings [32m200[0m 5.987 ms - 4896[0m
[api] [0mGET /api/v1/disputes [32m200[0m 37.879 ms - 1336[0m
[api] [0mGET /api/v1/admin/activity [32m200[0m 35.498 ms - 3376[0m
[api] [0mGET /api/v1/admin/stats [32m200[0m 62.478 ms - 177[0m
[api] [0mGET /api/v1/incidents [32m200[0m 63.287 ms - 1362[0m
[api] [0mGET / [32m200[0m 0.387 ms - 394[0m
[api] [0mGET /assets/index-DMT2T78O.css [32m200[0m 0.646 ms - 21799[0m
[api] [0mGET /assets/index-D4nRhJ_e.js [32m200[0m 0.748 ms - 339067[0m
[api] [0mGET /api/v1/me [32m200[0m 0.173 ms - 13[0m
[api] [0mGET /api/v1/photographers?limit=3&sort=rating [32m200[0m 21.160 ms - 8491[0m
[api] [0mGET /login [32m200[0m 1.500 ms - 394[0m
[api] [0mGET /assets/index-D4nRhJ_e.js [36m304[0m 0.359 ms - -[0m
[api] [0mGET /assets/index-DMT2T78O.css [36m304[0m 0.388 ms - -[0m
[api] [0mGET /api/v1/me [36m304[0m 0.204 ms - -[0m
[api] [0mPOST /api/v1/auth/login [32m200[0m 404.416 ms - 555[0m
[api] [0mGET /api/v1/bookings [32m200[0m 7.906 ms - 4896[0m
[api] [0mGET /api/v1/health [32m200[0m 18.535 ms - 84[0m
[api] [0mPOST /api/v1/auth/login [32m200[0m 347.007 ms - 666[0m
[api] [0mGET /api/v1/health [32m200[0m 6.816 ms - 84[0m
[api] [0mGET /api/v1/health [32m200[0m 6.616 ms - 84[0m
[api] [0mGET /api/v1/health [32m200[0m 17.891 ms - 84[0m
[api] [0mPOST /api/v1/auth/login [32m200[0m 347.594 ms - 666[0m
[api] [0mPOST /api/v1/auth/login [32m200[0m 326.773 ms - 555[0m
[api] [0mPOST /api/v1/auth/login [33m401[0m 1.674 ms - 78[0m
[api] [0mPOST /api/v1/auth/login [33m401[0m 328.140 ms - 78[0m
[api] [0mPOST /api/v1/auth/login [33m401[0m 5.311 ms - 78[0m
[api] [0mPOST /api/v1/auth/login [32m200[0m 338.221 ms - 709[0m
[api] [0mGET /api/v1/health [32m200[0m 8.360 ms - 84[0m
[api] [0mPOST /api/v1/auth/login [32m200[0m 330.914 ms - 666[0m
[api] [0mPOST /api/v1/auth/login [33m422[0m 1.349 ms - 156[0m
[api] [0mPOST /api/v1/auth/login [33m422[0m 0.458 ms - 135[0m
[api] [0mPOST /api/v1/auth/login [33m422[0m 0.374 ms - 132[0m
[api] SyntaxError: Unexpected token 'n', "not-json" is not valid JSON
[api]     at JSON.parse (<anonymous>)
[api]     at createStrictSyntaxError (/srv/dev/moussawer/node_modules/body-parser/lib/types/json.js:165:10)
[api]     at parse (/srv/dev/moussawer/node_modules/body-parser/lib/types/json.js:86:15)
[api]     at /srv/dev/moussawer/node_modules/body-parser/lib/read.js:128:18
[api]     at AsyncResource.runInAsyncScope (node:async_hooks:228:14)
[api]     at invokeCallback (/srv/dev/moussawer/node_modules/raw-body/index.js:238:16)
[api]     at done (/srv/dev/moussawer/node_modules/raw-body/index.js:227:7)
[api]     at IncomingMessage.onEnd (/srv/dev/moussawer/node_modules/raw-body/index.js:287:7)
[api]     at IncomingMessage.emit (node:events:508:28)
[api]     at endReadableNT (node:internal/streams/readable:1729:12) {
[api]   expose: true,
[api]   statusCode: 400,
[api]   status: 400,
[api]   body: 'not-json',
[api]   type: 'entity.parse.failed'
[api] }
[api] [0mGET /api/v1/auth/login [32m200[0m 0.768 ms - 394[0m
[api] [0mGET / [32m200[0m 0.533 ms - 394[0m
[api] [0mGET /assets/index-DMT2T78O.css [32m200[0m 1.417 ms - 21799[0m
[api] [0mGET /assets/index-D4nRhJ_e.js [32m200[0m 0.936 ms - 339067[0m
[api] [0mGET /api/v1/me [32m200[0m 0.172 ms - 13[0m
[api] [0mGET /login [32m200[0m 1.250 ms - 394[0m
[api] [0mGET /api/v1/photographers?limit=3&sort=rating [0m-[0m - ms - -[0m
[api] [0mGET /assets/index-D4nRhJ_e.js [36m304[0m 0.706 ms - -[0m
[api] [0mGET /assets/index-DMT2T78O.css [36m304[0m 0.637 ms - -[0m
[api] [0mGET /api/v1/me [36m304[0m 0.210 ms - -[0m
[api] [0mGET / [32m200[0m 0.397 ms - 394[0m
[api] [0mGET /assets/index-DMT2T78O.css [32m200[0m 0.748 ms - 21799[0m
[api] [0mGET /assets/index-D4nRhJ_e.js [32m200[0m 0.804 ms - 339067[0m
[api] [0mGET /api/v1/me [32m200[0m 0.204 ms - 13[0m
[api] [0mGET /login [32m200[0m 0.967 ms - 394[0m
[api] [0mGET /api/v1/photographers?limit=3&sort=rating [0m-[0m - ms - -[0m
[api] [0mGET /assets/index-DMT2T78O.css [36m304[0m 2.892 ms - -[0m
[api] [0mGET /assets/index-D4nRhJ_e.js [36m304[0m 3.940 ms - -[0m
[api] [0mGET /api/v1/me [36m304[0m 0.392 ms - -[0m
[api] [0mPOST /api/v1/auth/login [33m401[0m 2.009 ms - 78[0m
[api] [0mGET / [32m200[0m 0.323 ms - 394[0m
[api] [0mGET /assets/index-DMT2T78O.css [32m200[0m 0.734 ms - 21799[0m
[api] [0mGET /assets/index-D4nRhJ_e.js [32m200[0m 1.180 ms - 339067[0m
[api] [0mGET /api/v1/me [32m200[0m 0.193 ms - 13[0m
[api] [0mGET /login [32m200[0m 1.297 ms - 394[0m
[api] [0mGET /api/v1/photographers?limit=3&sort=rating [32m200[0m 20.865 ms - 8491[0m
[api] [0mGET /assets/index-DMT2T78O.css [36m304[0m 1.121 ms - -[0m
[api] [0mGET /assets/index-D4nRhJ_e.js [36m304[0m 0.666 ms - -[0m
[api] [0mGET /api/v1/me [36m304[0m 0.202 ms - -[0m
[api] [0mPOST /api/v1/auth/login [32m200[0m 341.102 ms - 555[0m
[api] [0mGET /api/v1/bookings [32m200[0m 7.365 ms - 4896[0m
[api] [0mGET / [32m200[0m 0.371 ms - 394[0m
[api] [0mGET /assets/index-DMT2T78O.css [32m200[0m 0.714 ms - 21799[0m
[api] [0mGET /assets/index-D4nRhJ_e.js [32m200[0m 0.844 ms - 339067[0m
[api] [0mGET /api/v1/me [32m200[0m 0.226 ms - 13[0m
[api] [0mGET /login [32m200[0m 1.274 ms - 394[0m
[api] [0mGET /api/v1/photographers?limit=3&sort=rating [0m-[0m - ms - -[0m
[api] [0mGET /assets/index-D4nRhJ_e.js [36m304[0m 0.446 ms - -[0m
[api] [0mGET /assets/index-DMT2T78O.css [36m304[0m 0.488 ms - -[0m
[api] [0mGET /api/v1/me [36m304[0m 0.143 ms - -[0m
[api] [0mPOST /api/v1/auth/login [32m200[0m 343.998 ms - 555[0m
[api] [0mGET /api/v1/bookings [32m200[0m 8.597 ms - 4896[0m
[api] [0mGET /api/v1/disputes [32m200[0m 7.843 ms - 1336[0m
[api] [0mGET /api/v1/admin/activity [32m200[0m 8.422 ms - 3376[0m
[api] [0mGET /api/v1/admin/stats [32m200[0m 45.538 ms - 177[0m
[api] [0mGET /api/v1/incidents [32m200[0m 45.905 ms - 1362[0m
[api] [0mGET / [32m200[0m 0.442 ms - 394[0m
[api] [0mGET /assets/index-DMT2T78O.css [32m200[0m 1.805 ms - 21799[0m
[api] [0mGET /assets/index-D4nRhJ_e.js [32m200[0m 0.739 ms - 339067[0m
[api] [0mGET /api/v1/me [32m200[0m 0.193 ms - 13[0m
[api] [0mGET /login [32m200[0m 1.512 ms - 394[0m
[api] [0mGET /api/v1/photographers?limit=3&sort=rating [0m-[0m - ms - -[0m
[api] [0mGET /assets/index-D4nRhJ_e.js [36m304[0m 0.321 ms - -[0m
[api] [0mGET /assets/index-DMT2T78O.css [36m304[0m 0.309 ms - -[0m
[api] [0mGET /api/v1/me [36m304[0m 0.179 ms - -[0m
[api] [0mPOST /api/v1/auth/login [32m200[0m 343.824 ms - 555[0m
[api] [0mGET /api/v1/bookings [32m200[0m 8.201 ms - 4896[0m
[api] [0mGET / [32m200[0m 0.488 ms - 394[0m
[api] [0mGET /assets/index-DMT2T78O.css [32m200[0m 0.581 ms - 21799[0m
[api] [0mGET /assets/index-D4nRhJ_e.js [32m200[0m 0.708 ms - 339067[0m
[api] [0mGET /api/v1/me [32m200[0m 0.247 ms - 13[0m
[api] [0mGET /login [32m200[0m 1.959 ms - 394[0m
[api] [0mGET /api/v1/photographers?limit=3&sort=rating [32m200[0m 17.958 ms - 8491[0m
[api] [0mGET /assets/index-D4nRhJ_e.js [36m304[0m 0.671 ms - -[0m
[api] [0mGET /assets/index-DMT2T78O.css [36m304[0m 0.669 ms - -[0m
[api] [0mGET /api/v1/me [36m304[0m 0.262 ms - -[0m
[api] [0mPOST /api/v1/auth/login [32m200[0m 340.977 ms - 666[0m
[api] [0mGET /admin [32m200[0m 0.720 ms - 394[0m
[api] [0mGET /assets/index-D4nRhJ_e.js [36m304[0m 0.621 ms - -[0m
[api] [0mGET /assets/index-DMT2T78O.css [36m304[0m 0.486 ms - -[0m
[api] [0mGET /api/v1/me [32m200[0m 4.296 ms - 473[0m
[api] [0mGET /api/v1/bookings [32m200[0m 7.169 ms - 4896[0m
[api] [0mGET /api/v1/favorites [32m200[0m 8.956 ms - 2704[0m
[api] [0mGET /api/v1/health [32m200[0m 5.040 ms - 84[0m
[api] [0mPOST /api/v1/auth/login [32m200[0m 339.898 ms - 555[0m
[api] [0mPOST /api/v1/auth/login [33m401[0m 327.624 ms - 78[0m
[api] 11:01:10 p.m. [tsx] change in ./server/services/availability.ts Restarting...
[api] c✅ Database connected successfully
[api] Moussawer API running on http://localhost:4000
[api] API docs available at http://localhost:4000/api-docs
[api] 11:02:56 p.m. [tsx] change in ./server/routes/photographer.routes.ts Restarting...
[api] c✅ Database connected successfully
[api] Moussawer API running on http://localhost:4000
[api] API docs available at http://localhost:4000/api-docs
[api] [0mGET / [32m200[0m 3.782 ms - 394[0m
[api] [0mGET /assets/index-DMT2T78O.css [32m200[0m 1.284 ms - 21799[0m
[api] [0mGET /assets/index-D4nRhJ_e.js [32m200[0m 1.576 ms - 339067[0m
[api] [0mGET /api/v1/me [32m200[0m 2.896 ms - 13[0m
[api] [0mGET /login [32m200[0m 2.340 ms - 394[0m
[api] [0mGET /api/v1/photographers?limit=3&sort=rating [0m-[0m - ms - -[0m
[api] [0mGET /assets/index-D4nRhJ_e.js [36m304[0m 1.132 ms - -[0m
[api] [0mGET /assets/index-DMT2T78O.css [36m304[0m 0.358 ms - -[0m
[api] [0mGET /api/v1/me [36m304[0m 0.473 ms - -[0m
[api] [0mGET / [32m200[0m 0.469 ms - 394[0m
[api] [0mGET /assets/index-DMT2T78O.css [32m200[0m 1.895 ms - 21799[0m
[api] [0mGET /assets/index-D4nRhJ_e.js [32m200[0m 1.766 ms - 339067[0m
[api] [0mGET /api/v1/me [32m200[0m 0.295 ms - 13[0m
[api] [0mGET /api/v1/photographers?limit=3&sort=rating [32m200[0m 20.340 ms - 8491[0m
[api] [0mGET /login [32m200[0m 0.880 ms - 394[0m
[api] [0mGET /assets/index-D4nRhJ_e.js [36m304[0m 1.173 ms - -[0m
[api] [0mGET /assets/index-DMT2T78O.css [36m304[0m 0.922 ms - -[0m
[api] [0mGET /api/v1/me [36m304[0m 0.349 ms - -[0m
[api] [0mPOST /api/v1/auth/login [33m401[0m 8.179 ms - 78[0m
[api] [0mGET / [32m200[0m 0.516 ms - 394[0m
[api] [0mGET /assets/index-DMT2T78O.css [32m200[0m 1.481 ms - 21799[0m
[api] [0mGET /assets/index-D4nRhJ_e.js [32m200[0m 2.783 ms - 339067[0m
[api] [0mGET /api/v1/me [32m200[0m 0.306 ms - 13[0m
[api] [0mGET /api/v1/photographers?limit=3&sort=rating [32m200[0m 13.413 ms - 8491[0m
[api] [0mGET /login [32m200[0m 0.855 ms - 394[0m
[api] [0mGET /assets/index-DMT2T78O.css [36m304[0m 0.561 ms - -[0m
[api] [0mGET /assets/index-D4nRhJ_e.js [36m304[0m 0.733 ms - -[0m
[api] [0mGET /api/v1/me [36m304[0m 0.362 ms - -[0m
[api] [0mPOST /api/v1/auth/login [32m200[0m 384.531 ms - 555[0m
[api] [0mGET /api/v1/bookings [32m200[0m 12.640 ms - 4896[0m
[api] [0mGET / [32m200[0m 0.358 ms - 394[0m
[api] [0mGET /assets/index-DMT2T78O.css [32m200[0m 0.801 ms - 21799[0m
[api] [0mGET /assets/index-D4nRhJ_e.js [32m200[0m 1.057 ms - 339067[0m
[api] [0mGET /api/v1/me [32m200[0m 0.235 ms - 13[0m
[api] [0mGET /api/v1/photographers?limit=3&sort=rating [32m200[0m 11.501 ms - 8491[0m
[api] [0mGET /login [32m200[0m 1.861 ms - 394[0m
[api] [0mGET /assets/index-D4nRhJ_e.js [36m304[0m 0.900 ms - -[0m
[api] [0mGET /assets/index-DMT2T78O.css [36m304[0m 0.841 ms - -[0m
[api] [0mGET /api/v1/me [36m304[0m 0.303 ms - -[0m
[api] [0mPOST /api/v1/auth/login [32m200[0m 363.768 ms - 555[0m
[api] [0mGET /api/v1/bookings [32m200[0m 9.958 ms - 4896[0m
[api] [0mGET /api/v1/incidents [32m200[0m 36.105 ms - 1362[0m
[api] [0mGET /api/v1/disputes [32m200[0m 35.096 ms - 1336[0m
[api] [0mGET /api/v1/admin/activity [32m200[0m 40.196 ms - 3376[0m
[api] [0mGET /api/v1/admin/stats [32m200[0m 62.968 ms - 177[0m
[api] [0mGET / [32m200[0m 0.404 ms - 394[0m
[api] [0mGET /assets/index-DMT2T78O.css [32m200[0m 0.744 ms - 21799[0m
[api] [0mGET /assets/index-D4nRhJ_e.js [32m200[0m 0.881 ms - 339067[0m
[api] [0mGET /api/v1/me [32m200[0m 0.206 ms - 13[0m
[api] [0mGET /api/v1/photographers?limit=3&sort=rating [32m200[0m 22.402 ms - 8491[0m
[api] [0mGET /login [32m200[0m 0.860 ms - 394[0m
[api] [0mGET /assets/index-D4nRhJ_e.js [36m304[0m 0.685 ms - -[0m
[api] [0mGET /assets/index-DMT2T78O.css [36m304[0m 0.657 ms - -[0m
[api] [0mGET /api/v1/me [36m304[0m 0.244 ms - -[0m
[api] [0mPOST /api/v1/auth/login [32m200[0m 349.772 ms - 555[0m
[api] [0mGET /api/v1/bookings [32m200[0m 9.630 ms - 4896[0m
[api] [0mGET / [32m200[0m 0.319 ms - 394[0m
[api] [0mGET /assets/index-DMT2T78O.css [32m200[0m 0.624 ms - 21799[0m
[api] [0mGET /assets/index-D4nRhJ_e.js [32m200[0m 0.687 ms - 339067[0m
[api] [0mGET /api/v1/me [32m200[0m 0.235 ms - 13[0m
[api] [0mGET /api/v1/photographers?limit=3&sort=rating [32m200[0m 14.317 ms - 8491[0m
[api] [0mGET /login [32m200[0m 0.550 ms - 394[0m
[api] [0mGET /assets/index-D4nRhJ_e.js [36m304[0m 0.290 ms - -[0m
[api] [0mGET /assets/index-DMT2T78O.css [36m304[0m 0.367 ms - -[0m
[api] [0mGET /api/v1/me [36m304[0m 0.216 ms - -[0m
[api] [0mPOST /api/v1/auth/login [32m200[0m 352.603 ms - 666[0m
[api] [0mGET /admin [32m200[0m 2.677 ms - 394[0m
[api] [0mGET /api/v1/bookings [0m-[0m - ms - -[0m
[api] [0mGET /api/v1/favorites [0m-[0m - ms - -[0m
[api] [0mGET /assets/index-D4nRhJ_e.js [36m304[0m 0.336 ms - -[0m
[api] [0mGET /assets/index-DMT2T78O.css [36m304[0m 0.510 ms - -[0m
[api] [0mGET /api/v1/me [32m200[0m 6.410 ms - 473[0m
[api] [0mGET /api/v1/bookings [32m200[0m 7.444 ms - 4896[0m
[api] [0mGET /api/v1/favorites [32m200[0m 12.695 ms - 2704[0m
[api] [0mGET /api/v1/health [32m200[0m 6.747 ms - 84[0m
[api] [0mGET /api/v1/health [32m200[0m 12.362 ms - 84[0m
[api] [0mGET /api/v1/health [32m200[0m 6.803 ms - 84[0m
[api] [0mPOST /api/v1/auth/login [32m200[0m 376.343 ms - 666[0m
[api] [0mGET /api/v1/health [32m200[0m 17.885 ms - 84[0m
[api] [0mGET /api/v1/health [32m200[0m 8.245 ms - 84[0m
[api] [0mPOST /api/v1/auth/login [32m200[0m 325.511 ms - 666[0m
[api] [0mPOST /api/v1/auth/login [32m200[0m 324.838 ms - 555[0m
[api] [0mPOST /api/v1/auth/login [32m200[0m 329.244 ms - 709[0m
[api] [0mPOST /api/v1/auth/login [33m401[0m 326.465 ms - 78[0m
[api] [0mPOST /api/v1/auth/login [33m422[0m 1.128 ms - 156[0m
[api] [0mPOST /api/v1/auth/login [33m422[0m 0.362 ms - 135[0m
[api] [0mPOST /api/v1/auth/login [33m422[0m 0.323 ms - 132[0m
[api] [0mGET / [32m200[0m 0.503 ms - 394[0m
[api] [0mGET /assets/index-DMT2T78O.css [32m200[0m 0.564 ms - 21799[0m
[api] [0mGET /assets/index-D4nRhJ_e.js [32m200[0m 0.575 ms - 339067[0m
[api] [0mGET /api/v1/me [32m200[0m 0.228 ms - 13[0m
[api] [0mGET /login [32m200[0m 0.879 ms - 394[0m
[api] [0mGET /api/v1/photographers?limit=3&sort=rating [0m-[0m - ms - -[0m
[api] [0mGET /assets/index-D4nRhJ_e.js [36m304[0m 0.739 ms - -[0m
[api] [0mGET /assets/index-DMT2T78O.css [36m304[0m 0.614 ms - -[0m
[api] [0mGET /api/v1/me [36m304[0m 0.158 ms - -[0m
[api] [0mGET / [32m200[0m 0.355 ms - 394[0m
[api] [0mGET /assets/index-DMT2T78O.css [32m200[0m 0.543 ms - 21799[0m
[api] [0mGET /assets/index-D4nRhJ_e.js [32m200[0m 0.601 ms - 339067[0m
[api] [0mGET /api/v1/me [32m200[0m 0.164 ms - 13[0m
[api] [0mGET /login [32m200[0m 0.705 ms - 394[0m
[api] [0mGET /api/v1/photographers?limit=3&sort=rating [32m200[0m 15.167 ms - 8491[0m
[api] [0mGET /assets/index-D4nRhJ_e.js [36m304[0m 0.584 ms - -[0m
[api] [0mGET /assets/index-DMT2T78O.css [36m304[0m 0.533 ms - -[0m
[api] [0mGET /api/v1/me [36m304[0m 0.153 ms - -[0m
[api] [0mPOST /api/v1/auth/login [33m401[0m 1.860 ms - 78[0m
[api] [0mGET / [32m200[0m 0.411 ms - 394[0m
[api] [0mGET /assets/index-DMT2T78O.css [32m200[0m 0.672 ms - 21799[0m
[api] [0mGET /assets/index-D4nRhJ_e.js [32m200[0m 0.722 ms - 339067[0m
[api] [0mGET /api/v1/me [32m200[0m 0.151 ms - 13[0m
[api] [0mGET /login [32m200[0m 1.095 ms - 394[0m
[api] [0mGET /api/v1/photographers?limit=3&sort=rating [32m200[0m 11.597 ms - 8491[0m
[api] [0mGET /assets/index-D4nRhJ_e.js [36m304[0m 0.480 ms - -[0m
[api] [0mGET /assets/index-DMT2T78O.css [36m304[0m 0.459 ms - -[0m
[api] [0mGET /api/v1/me [36m304[0m 0.205 ms - -[0m
[api] [0mPOST /api/v1/auth/login [32m200[0m 334.669 ms - 555[0m
[api] [0mGET /api/v1/bookings [32m200[0m 7.165 ms - 4896[0m
[api] [0mGET / [32m200[0m 0.512 ms - 394[0m
[api] [0mGET /assets/index-DMT2T78O.css [32m200[0m 0.649 ms - 21799[0m
[api] [0mGET /assets/index-D4nRhJ_e.js [32m200[0m 0.602 ms - 339067[0m
[api] [0mGET /api/v1/me [32m200[0m 0.177 ms - 13[0m
[api] [0mGET /login [32m200[0m 0.538 ms - 394[0m
[api] [0mGET /api/v1/photographers?limit=3&sort=rating [0m-[0m - ms - -[0m
[api] [0mGET /assets/index-D4nRhJ_e.js [36m304[0m 0.517 ms - -[0m
[api] [0mGET /assets/index-DMT2T78O.css [36m304[0m 0.250 ms - -[0m
[api] [0mGET /api/v1/me [36m304[0m 0.175 ms - -[0m
[api] [0mPOST /api/v1/auth/login [32m200[0m 340.916 ms - 555[0m
[api] [0mGET /api/v1/bookings [32m200[0m 5.622 ms - 4896[0m
[api] [0mGET /api/v1/incidents [32m200[0m 19.222 ms - 1362[0m
[api] [0mGET /api/v1/disputes [32m200[0m 18.378 ms - 1336[0m
[api] [0mGET /api/v1/admin/activity [32m200[0m 18.788 ms - 3376[0m
[api] [0mGET /api/v1/admin/stats [32m200[0m 40.781 ms - 177[0m
[api] [0mGET / [32m200[0m 0.417 ms - 394[0m
[api] [0mGET /assets/index-DMT2T78O.css [32m200[0m 0.638 ms - 21799[0m
[api] [0mGET /assets/index-D4nRhJ_e.js [32m200[0m 0.709 ms - 339067[0m
[api] [0mGET /api/v1/me [32m200[0m 0.155 ms - 13[0m
[api] [0mGET /login [32m200[0m 1.775 ms - 394[0m
[api] [0mGET /api/v1/photographers?limit=3&sort=rating [0m-[0m - ms - -[0m
[api] [0mGET /assets/index-D4nRhJ_e.js [36m304[0m 0.532 ms - -[0m
[api] [0mGET /assets/index-DMT2T78O.css [36m304[0m 0.561 ms - -[0m
[api] [0mGET /api/v1/me [36m304[0m 0.189 ms - -[0m
[api] [0mPOST /api/v1/auth/login [32m200[0m 325.663 ms - 555[0m
[api] [0mGET /api/v1/bookings [32m200[0m 7.307 ms - 4896[0m
[api] [0mGET / [32m200[0m 0.382 ms - 394[0m
[api] [0mGET /assets/index-DMT2T78O.css [32m200[0m 0.594 ms - 21799[0m
[api] [0mGET /assets/index-D4nRhJ_e.js [32m200[0m 0.631 ms - 339067[0m
[api] [0mGET /api/v1/me [32m200[0m 0.185 ms - 13[0m
[api] [0mGET /login [32m200[0m 0.634 ms - 394[0m
[api] [0mGET /api/v1/photographers?limit=3&sort=rating [0m-[0m - ms - -[0m
[api] [0mGET /assets/index-D4nRhJ_e.js [36m304[0m 0.636 ms - -[0m
[api] [0mGET /assets/index-DMT2T78O.css [36m304[0m 0.509 ms - -[0m
[api] [0mGET /api/v1/me [36m304[0m 0.199 ms - -[0m
[api] [0mPOST /api/v1/auth/login [32m200[0m 345.047 ms - 666[0m
[api] [0mGET /admin [32m200[0m 0.596 ms - 394[0m
[api] [0mGET /assets/index-D4nRhJ_e.js [36m304[0m 0.362 ms - -[0m
[api] [0mGET /assets/index-DMT2T78O.css [36m304[0m 0.424 ms - -[0m
[api] [0mGET /api/v1/me [32m200[0m 4.095 ms - 473[0m
[api] [0mGET /api/v1/bookings [32m200[0m 7.143 ms - 4896[0m
[api] [0mGET /api/v1/favorites [32m200[0m 11.109 ms - 2704[0m
[api] [0mGET /api/v1/health [32m200[0m 178.698 ms - 84[0m
[api] [0mPOST /api/v1/auth/login [32m200[0m 781.263 ms - 666[0m
[api] [0mPOST /api/v1/auth/login [33m401[0m 366.303 ms - 78[0m
[api] [0mGET /api/v1/health [32m200[0m 5.729 ms - 84[0m
[api] [0mPOST /api/v1/auth/login [32m200[0m 340.322 ms - 666[0m
[api] [0mPOST /api/v1/auth/login [32m200[0m 329.260 ms - 555[0m
[api] [0mPOST /api/v1/auth/login [32m200[0m 323.847 ms - 709[0m
[api] [0mPOST /api/v1/auth/login [33m401[0m 327.026 ms - 78[0m
[api] [0mPOST /api/v1/auth/login [33m422[0m 3.336 ms - 156[0m
[api] [0mPOST /api/v1/auth/login [33m422[0m 0.481 ms - 135[0m
[api] SyntaxError: Unexpected token 'n', "not json" is not valid JSON
[api]     at JSON.parse (<anonymous>)
[api]     at createStrictSyntaxError (/srv/dev/moussawer/node_modules/body-parser/lib/types/json.js:165:10)
[api]     at parse (/srv/dev/moussawer/node_modules/body-parser/lib/types/json.js:86:15)
[api]     at /srv/dev/moussawer/node_modules/body-parser/lib/read.js:128:18
[api]     at AsyncResource.runInAsyncScope (node:async_hooks:228:14)
[api]     at invokeCallback (/srv/dev/moussawer/node_modules/raw-body/index.js:238:16)
[api]     at done (/srv/dev/moussawer/node_modules/raw-body/index.js:227:7)
[api]     at IncomingMessage.onEnd (/srv/dev/moussawer/node_modules/raw-body/index.js:287:7)
[api]     at IncomingMessage.emit (node:events:508:28)
[api]     at endReadableNT (node:internal/streams/readable:1729:12) {
[api]   expose: true,
[api]   statusCode: 400,
[api]   status: 400,
[api]   body: 'not json',
[api]   type: 'entity.parse.failed'
[api] }
