
> moussawer@0.1.0 dev
> concurrently -n api,web -c cyan,magenta "npm:dev:api" "npm:dev:web"

[api] 
[api] > moussawer@0.1.0 dev:api
[api] > tsx watch server/index.ts
[api] 
[web] 
[web] > moussawer@0.1.0 dev:web
[web] > vite --host 0.0.0.0
[web] 
[web] 
[web]   VITE v6.4.2  ready in 240 ms
[web] 
[web]   ➜  Local:   http://localhost:5173/
[web]   ➜  Network: http://192.168.2.16:5173/
[web]   ➜  Network: http://172.17.0.1:5173/
[api] ✅ Database connected successfully
[api] Moussawer API running on http://localhost:4000
[api] API docs available at http://localhost:4000/api-docs
[api] [0mGET /api/v1/health [32m200[0m 39.399 ms - 65[0m
[api] [0mPOST /api/v1/auth/login [32m200[0m 378.215 ms - 555[0m
[api] [0mPOST /api/v1/auth/register [33m422[0m 2.308 ms - 251[0m
[api] [0mPOST /api/v1/auth/login [32m200[0m 354.448 ms - 555[0m
[api] [0mPOST /api/v1/auth/login [32m200[0m 349.569 ms - 666[0m
[api] [0mPOST /api/v1/auth/login [32m200[0m 352.938 ms - 709[0m
[api] [0mGET /api/v1/bookings?limit=2&page=1 [32m200[0m 27.798 ms - 1855[0m
[api] [0mGET /api/v1/conversations?limit=2 [32m200[0m 9.090 ms - 2172[0m
[api] [0mGET /api/v1/admin/activity?limit=3 [32m200[0m 6.483 ms - 951[0m
[api] [0mGET /api/v1/photographers [32m200[0m 12.944 ms - 9002[0m
[api] [0mGET /api/v1/photographers/cmoslzvav000adyt7ua8msdm6 [32m200[0m 15.726 ms - 3603[0m
[api] [0mPOST /api/v1/bookings [32m201[0m 28.391 ms - 921[0m
[api] [0mPATCH /api/v1/bookings/cmosmqpo60001dynubg9my9yx/status [32m200[0m 19.167 ms - 945[0m
[api] [0mPOST /api/v1/portfolio [32m201[0m 17.455 ms - 259[0m
[api] [0mDELETE /api/v1/portfolio/cmosmqpqz000fdynupuy2kg3t [32m204[0m 13.646 ms - -[0m
[api] [0mGET /api/v1/conversations?limit=1 [32m200[0m 8.801 ms - 1116[0m
[api] [0mPOST /api/v1/conversations/cmosmqpob0003dynuktwdru87/messages [32m201[0m 20.382 ms - 379[0m
[api] [0mGET /api/v1/notifications [32m200[0m 3.328 ms - 1726[0m
[api] [0mGET /api/v1/photographers?q=Amir&sort=rating [32m200[0m 8.170 ms - 3659[0m
[api] [0mGET /api/v1/photographers?minPrice=100&maxPrice=2000&minRating=4 [32m200[0m 9.646 ms - 9002[0m
[api] [0mGET /api/v1/admin/stats [32m200[0m 47.321 ms - 177[0m
[api] [0mGET /api/v1/admin/users?limit=5 [32m200[0m 7.114 ms - 2232[0m
[api] [0mGET /api/v1/me [33m401[0m 2.765 ms - 70[0m
[api] [0mGET /api/v1/me [33m401[0m 1.044 ms - 70[0m
[api] [0mGET /api/v1/photographers?limit=3&sort=rating [32m200[0m 54.072 ms - 9001[0m
[api] [0mGET /api/v1/photographers?limit=3&sort=rating [36m304[0m 25.537 ms - -[0m
[api] [0mGET /api/v1/me [33m401[0m 0.530 ms - 72[0m
[api] [0mGET /api/v1/me [33m401[0m 1.406 ms - 72[0m
[api] [0mPOST /api/v1/auth/login [32m200[0m 365.277 ms - 666[0m
[api] [0mGET /api/v1/bookings [32m200[0m 27.077 ms - 5704[0m
[api] [0mGET /api/v1/favorites [32m200[0m 32.658 ms - 6299[0m
[api] [0mGET /api/v1/bookings [36m304[0m 14.986 ms - -[0m
[api] [0mGET /api/v1/favorites [36m304[0m 20.017 ms - -[0m
[api] [0mGET /api/v1/categories [32m200[0m 2.568 ms - 426[0m
[api] [0mGET /api/v1/photographers?sort=rating [32m200[0m 14.633 ms - 9002[0m
[api] [0mGET /api/v1/categories [36m304[0m 2.521 ms - -[0m
[api] [0mGET /api/v1/photographers?sort=rating [36m304[0m 12.042 ms - -[0m
[api] [0mGET /api/v1/photographers?sort=rating [36m304[0m 15.986 ms - -[0m
[api] [0mPOST /api/v1/favorites/cmoslzvbg000vdyt7sn6gsy11 [32m201[0m 11.698 ms - 131[0m
[api] [0mGET /api/v1/photographers/leila-morgan [32m200[0m 12.341 ms - 2702[0m
[api] [0mGET /api/v1/photographers/leila-morgan [32m200[0m 10.057 ms - 2702[0m
[api] [0mGET /api/v1/photographers/leila-morgan/availability?date=2026-05-06&serviceId=cmoslzvbg000xdyt7ml0fb7si [32m200[0m 16.133 ms - 283[0m
[api] [0mGET /api/v1/photographers/leila-morgan/availability?date=2026-05-06&serviceId=cmoslzvbg000xdyt7ml0fb7si [36m304[0m 17.994 ms - -[0m
[api] [0mPOST /api/v1/bookings [32m201[0m 43.953 ms - 899[0m
[api] [0mGET /api/v1/photographers?limit=3&sort=rating [32m200[0m 10.008 ms - 9001[0m
[api] [0mGET /api/v1/photographers?limit=3&sort=rating [36m304[0m 11.172 ms - -[0m
[api] [0mPOST /api/v1/auth/login [32m200[0m 392.876 ms - 709[0m
[api] [0mGET /api/v1/bookings [32m200[0m 10.246 ms - 5704[0m
[api] [0mGET /api/v1/bookings [36m304[0m 7.711 ms - -[0m
[api] [0mGET /api/v1/bookings [36m304[0m 10.063 ms - -[0m
[api] [0mGET /api/v1/me/photographer [32m200[0m 14.355 ms - 3603[0m
[api] [0mGET /api/v1/bookings [36m304[0m 12.887 ms - -[0m
[api] [0mGET /api/v1/me/photographer [36m304[0m 14.329 ms - -[0m
[api] [0mGET /api/v1/me/availability [32m200[0m 44.779 ms - 2652[0m
[api] [0mGET /api/v1/me/availability [36m304[0m 37.884 ms - -[0m
[api] [0mGET /api/v1/me/availability [36m304[0m 14.041 ms - -[0m
[api] [0mGET /api/v1/me/availability [36m304[0m 11.580 ms - -[0m
[api] [0mGET /api/v1/health [32m200[0m 0.422 ms - 65[0m
[api] [0mPOST /api/v1/auth/login [32m200[0m 385.445 ms - 555[0m
[api] [0mPOST /api/v1/auth/login [32m200[0m 364.416 ms - 666[0m
[api] [0mPOST /api/v1/auth/login [32m200[0m 366.442 ms - 709[0m
[api] [0mPOST /api/v1/auth/register [33m422[0m 0.633 ms - 251[0m
[api] [0mPOST /api/v1/auth/login [32m200[0m 380.382 ms - 666[0m
[api] [0mPOST /api/v1/auth/login [32m200[0m 362.521 ms - 555[0m
[api] [0mPOST /api/v1/auth/login [32m200[0m 363.243 ms - 709[0m
[api] [0mGET /api/v1/me [32m200[0m 8.343 ms - 473[0m
[api] [0mGET /api/v1/categories [32m200[0m 3.724 ms - 426[0m
[api] [0mGET /api/v1/photographers [32m200[0m 36.501 ms - 9002[0m
[api] [0mGET /api/v1/photographers [32m200[0m 16.248 ms - 9002[0m
[api] [0mGET /api/v1/photographers/cmoslzvav000adyt7ua8msdm6 [32m200[0m 15.925 ms - 3603[0m
[api] [0mGET /api/v1/photographers/cmoslzvav000adyt7ua8msdm6/reviews [32m200[0m 10.307 ms - 411[0m
[api] [0mGET /api/v1/bookings?limit=5 [32m200[0m 10.508 ms - 4708[0m
[api] [0mGET /api/v1/health [32m200[0m 0.254 ms - 65[0m
[api] [0mPOST /api/v1/auth/login [32m200[0m 363.279 ms - 555[0m
[api] [0mPOST /api/v1/auth/login [32m200[0m 355.150 ms - 666[0m
[api] [0mPOST /api/v1/auth/login [33m429[0m 0.379 ms - 93[0m
[api] [0mPOST /api/v1/auth/register [33m422[0m 0.769 ms - 251[0m
[api] [0mPOST /api/v1/auth/login [33m429[0m 0.237 ms - 93[0m
[api] [0mPOST /api/v1/auth/login [33m429[0m 0.290 ms - 93[0m
[api] [0mPOST /api/v1/auth/login [33m429[0m 0.345 ms - 93[0m
[api] [0mGET /api/v1/me [33m401[0m 1.108 ms - 70[0m
[api] [0mGET /api/v1/categories [32m200[0m 1.717 ms - 426[0m
[api] [0mGET /api/v1/photographers [32m200[0m 8.883 ms - 9002[0m
[api] [0mGET /api/v1/photographers [32m200[0m 6.818 ms - 9002[0m
[api] [0mGET /api/v1/photographers/cmoslzvav000adyt7ua8msdm6 [32m200[0m 13.405 ms - 3603[0m
[api] [0mGET /api/v1/photographers/cmoslzvav000adyt7ua8msdm6/reviews [32m200[0m 8.218 ms - 411[0m
[api] [0mGET /api/v1/bookings?limit=5 [33m401[0m 0.364 ms - 70[0m
[api] [0mGET /api/v1/photographers/cmoslzvav000adyt7ua8msdm6 [32m200[0m 7.709 ms - 3603[0m
[api] [0mPOST /api/v1/bookings [33m401[0m 0.440 ms - 70[0m
[api] [0mGET /api/v1/conversations?limit=5 [33m401[0m 0.344 ms - 70[0m
[api] [0mGET /api/v1/conversations?limit=1 [33m401[0m 0.575 ms - 70[0m
[api] [0mPOST /api/v1/portfolio [33m401[0m 0.341 ms - 70[0m
[api] [0mPOST /api/v1/favorites/cmoslzvav000adyt7ua8msdm6 [33m401[0m 0.774 ms - 70[0m
[api] [0mGET /api/v1/favorites [33m401[0m 0.398 ms - 70[0m
[api] [0mGET /api/v1/notifications [33m401[0m 0.473 ms - 70[0m
[api] [0mPOST /api/v1/support [32m201[0m 5.888 ms - 47[0m
[api] [0mGET /api/v1/admin/stats [33m401[0m 0.517 ms - 70[0m
[api] [0mGET /api/v1/admin/users?limit=5 [33m401[0m 0.478 ms - 70[0m
[api] [0mGET /api/v1/admin/activity?limit=5 [33m401[0m 0.611 ms - 70[0m
[api] [0mGET /api/v1/me/photographer [33m401[0m 0.376 ms - 70[0m
[api] [0mGET /api/v1/me/services [33m401[0m 0.405 ms - 70[0m
[api] [0mGET /api/v1/me/availability [33m401[0m 0.384 ms - 70[0m
[api] [0mPOST /api/v1/auth/login [33m429[0m 0.566 ms - 93[0m
[api] [0mPOST /api/v1/auth/login [33m429[0m 0.810 ms - 93[0m
[web] npm run dev:web exited with code 143
[api] 7:31:19 p.m. [tsx] change in ./server/app.ts Rerunning...
[api] c✅ Database connected successfully
[api] 
[api] ❌ Port 4000 is already in use.
[api]    Run `lsof -i :4000` to find the process, or change PORT in .env
[api] 
[api] 7:32:55 p.m. [tsx] change in ./server/services/availability.ts Rerunning...
[api] c✅ Database connected successfully
[api] Moussawer API running on http://localhost:4000
[api] API docs available at http://localhost:4000/api-docs
[api] [0mPOST /api/v1/auth/login [32m200[0m 400.025 ms - 666[0m
[api] [0mGET /api/v1/photographers [32m200[0m 27.355 ms - 9247[0m
[api] [0mGET /api/v1/photographers [32m200[0m 15.269 ms - 9247[0m
[api] [0mGET /api/v1/photographers/cmoslzvav000adyt7ua8msdm6 [32m200[0m 12.733 ms - 3848[0m
[api] [0mPOST /api/v1/bookings [33m409[0m 15.649 ms - 219[0m
[api] [0mGET /api/v1/me [33m401[0m 0.598 ms - 72[0m
[api] [0mGET /api/v1/photographers?limit=3&sort=rating [32m200[0m 13.286 ms - 9246[0m
[api] [0mGET /api/v1/me [33m401[0m 3.461 ms - 72[0m
[api] [0mGET /api/v1/photographers?limit=3&sort=rating [36m304[0m 14.467 ms - -[0m
[api] [0mGET /api/v1/me [33m401[0m 0.586 ms - 72[0m
[api] [0mGET /api/v1/me [33m401[0m 0.845 ms - 72[0m
[api] [0mGET /api/v1/me [33m401[0m 0.758 ms - 72[0m
[api] [0mGET /api/v1/me [33m401[0m 0.381 ms - 72[0m
[api] [0mPOST /api/v1/auth/login [32m200[0m 367.046 ms - 666[0m
[api] [0mGET /api/v1/favorites [32m200[0m 27.760 ms - 6544[0m
[api] [0mGET /api/v1/bookings [32m200[0m 34.028 ms - 7500[0m
[api] [0mGET /api/v1/bookings [36m304[0m 14.601 ms - -[0m
[api] [0mGET /api/v1/favorites [36m304[0m 22.227 ms - -[0m
[api] [0mGET /api/v1/categories [32m200[0m 6.197 ms - 426[0m
[api] [0mGET /api/v1/me [32m200[0m 7.083 ms - 473[0m
[api] [0mGET /api/v1/categories [36m304[0m 3.795 ms - -[0m
[api] [0mGET /api/v1/photographers?sort=rating [32m200[0m 21.064 ms - 9247[0m
[api] [0mGET /api/v1/me [36m304[0m 15.002 ms - -[0m
[api] [0mGET /api/v1/photographers?sort=rating [36m304[0m 14.995 ms - -[0m
[api] [0mGET /api/v1/photographers?sort=rating [36m304[0m 12.795 ms - -[0m
[api] [0mGET /api/v1/me [36m304[0m 5.054 ms - -[0m
[api] [0mGET /api/v1/me [36m304[0m 4.063 ms - -[0m
[api] [0mGET /api/v1/bookings [36m304[0m 13.236 ms - -[0m
[api] [0mGET /api/v1/favorites [36m304[0m 22.994 ms - -[0m
[api] [0mGET /api/v1/bookings [36m304[0m 9.520 ms - -[0m
[api] [0mGET /api/v1/favorites [36m304[0m 19.831 ms - -[0m
[api] [0mGET /api/v1/bookings [36m304[0m 14.019 ms - -[0m
[api] [0mGET /api/v1/favorites [36m304[0m 13.405 ms - -[0m
[api] [0mGET /api/v1/me [36m304[0m 11.856 ms - -[0m
[api] [0mGET /api/v1/me [36m304[0m 6.132 ms - -[0m
[api] [0mGET /api/v1/conversations [32m200[0m 10.476 ms - 6406[0m
[api] [0mGET /api/v1/conversations [36m304[0m 14.530 ms - -[0m
[api] [0mGET /api/v1/conversations/cmot9ixp70003dykgza8m3nga/messages [32m200[0m 18.913 ms - 744[0m
[api] [0mPATCH /api/v1/conversations/cmot9ixp70003dykgza8m3nga/read [32m200[0m 18.702 ms - 46[0m
[api] [0mGET /api/v1/me [36m304[0m 5.430 ms - -[0m
[api] [0mGET /api/v1/me [36m304[0m 5.301 ms - -[0m
[api] [0mGET /api/v1/incidents [32m200[0m 12.152 ms - 554[0m
[api] [0mGET /api/v1/disputes [32m200[0m 10.489 ms - 538[0m
[api] [0mGET /api/v1/incidents [36m304[0m 9.153 ms - -[0m
[api] [0mGET /api/v1/disputes [36m304[0m 15.064 ms - -[0m
[api] [0mGET /api/v1/bookings [36m304[0m 44.456 ms - -[0m
[api] [0mGET /api/v1/bookings [36m304[0m 8.671 ms - -[0m
[api] [0mGET /api/v1/me [36m304[0m 7.036 ms - -[0m
[api] [0mGET /api/v1/me [36m304[0m 4.751 ms - -[0m
[api] [0mGET /api/v1/me [36m304[0m 4.719 ms - -[0m
[api] [0mGET /api/v1/me [36m304[0m 6.773 ms - -[0m
[api] [0mGET /api/v1/bookings [36m304[0m 14.023 ms - -[0m
[api] [0mGET /api/v1/favorites [36m304[0m 17.685 ms - -[0m
[api] [0mGET /api/v1/bookings [36m304[0m 15.221 ms - -[0m
[api] [0mGET /api/v1/favorites [36m304[0m 26.121 ms - -[0m
[api] [0mGET /api/v1/bookings [36m304[0m 11.744 ms - -[0m
[api] [0mGET /api/v1/favorites [36m304[0m 14.507 ms - -[0m
[api] [0mGET /api/v1/me [36m304[0m 5.544 ms - -[0m
[api] [0mGET /api/v1/me [36m304[0m 8.042 ms - -[0m
[api] [0mGET /api/v1/me [36m304[0m 5.135 ms - -[0m
[api] [0mGET /api/v1/me [36m304[0m 4.545 ms - -[0m
[api] [0mGET /api/v1/bookings [36m304[0m 9.359 ms - -[0m
[api] [0mGET /api/v1/favorites [36m304[0m 16.500 ms - -[0m
[api] [0mGET /api/v1/bookings [36m304[0m 11.899 ms - -[0m
[api] [0mGET /api/v1/favorites [36m304[0m 24.007 ms - -[0m
[api] [0mGET /api/v1/bookings [36m304[0m 16.379 ms - -[0m
[api] [0mGET /api/v1/favorites [36m304[0m 13.850 ms - -[0m
[api] [0mGET /api/v1/me [36m304[0m 6.122 ms - -[0m
[api] [0mGET /api/v1/me [36m304[0m 5.503 ms - -[0m
[api] [0mGET /api/v1/me [36m304[0m 4.550 ms - -[0m
[api] [0mGET /api/v1/me [36m304[0m 4.135 ms - -[0m
[api] [0mGET /api/v1/bookings [36m304[0m 22.289 ms - -[0m
[api] [0mGET /api/v1/bookings [36m304[0m 13.767 ms - -[0m
[api] [0mGET /api/v1/favorites [36m304[0m 51.649 ms - -[0m
[api] [0mGET /api/v1/bookings [36m304[0m 8.710 ms - -[0m
[api] [0mGET /api/v1/favorites [36m304[0m 14.427 ms - -[0m
[api] [0mGET /api/v1/favorites [36m304[0m 13.637 ms - -[0m
[api] [0mGET /api/v1/me [33m401[0m 0.356 ms - 72[0m
[api] [0mGET /api/v1/me [33m401[0m 0.361 ms - 72[0m
[api] [0mGET /api/v1/me [33m401[0m 0.535 ms - 72[0m
[api] [0mGET /api/v1/me [33m401[0m 0.415 ms - 72[0m
[api] [0mGET /api/v1/me [33m401[0m 0.379 ms - 72[0m
[api] [0mGET /api/v1/me [33m401[0m 0.312 ms - 72[0m
[api] [0mGET /api/v1/me [33m401[0m 0.281 ms - 72[0m
[api] [0mGET /api/v1/me [33m401[0m 0.234 ms - 72[0m
[api] [0mPOST /api/v1/auth/login [32m200[0m 449.164 ms - 666[0m
[api] [0mGET /api/v1/me [36m304[0m 9.566 ms - -[0m
[api] [0mGET /api/v1/me [36m304[0m 6.711 ms - -[0m
[api] [0mGET /api/v1/bookings [36m304[0m 11.032 ms - -[0m
[api] [0mGET /api/v1/favorites [36m304[0m 15.812 ms - -[0m
[api] [0mGET /api/v1/bookings [36m304[0m 10.897 ms - -[0m
[api] [0mGET /api/v1/favorites [36m304[0m 16.970 ms - -[0m
[api] [0mGET /api/v1/bookings [36m304[0m 14.868 ms - -[0m
[api] [0mGET /api/v1/favorites [36m304[0m 12.991 ms - -[0m
[api] [0mGET /api/v1/categories [36m304[0m 3.060 ms - -[0m
[api] [0mGET /api/v1/me [36m304[0m 14.201 ms - -[0m
[api] [0mGET /api/v1/categories [36m304[0m 9.058 ms - -[0m
[api] [0mGET /api/v1/photographers?sort=rating [36m304[0m 33.201 ms - -[0m
[api] [0mGET /api/v1/me [36m304[0m 11.124 ms - -[0m
[api] [0mGET /api/v1/photographers?sort=rating [36m304[0m 15.061 ms - -[0m
[api] [0mGET /api/v1/photographers?sort=rating [36m304[0m 7.615 ms - -[0m
[api] [0mGET /api/v1/me [36m304[0m 4.795 ms - -[0m
[api] [0mGET /api/v1/me [36m304[0m 6.199 ms - -[0m
[api] [0mPOST /api/v1/auth/login [32m200[0m 454.171 ms - 709[0m
[api] [0mGET /api/v1/me [32m200[0m 10.469 ms - 531[0m
[api] [0mGET /api/v1/me [36m304[0m 8.920 ms - -[0m
[api] [0mGET /api/v1/bookings [32m200[0m 18.623 ms - 6609[0m
[api] [0mGET /api/v1/me/photographer [32m200[0m 25.432 ms - 3848[0m
[api] [0mGET /api/v1/bookings [36m304[0m 8.793 ms - -[0m
[api] [0mGET /api/v1/me/photographer [36m304[0m 9.833 ms - -[0m
[api] [0mGET /api/v1/me [36m304[0m 6.303 ms - -[0m
[api] [0mGET /api/v1/me [36m304[0m 7.995 ms - -[0m
[api] [0mPOST /api/v1/auth/login [32m200[0m 439.971 ms - 555[0m
[api] [0mGET /api/v1/me [32m200[0m 6.882 ms - 362[0m
[api] [0mGET /api/v1/me [36m304[0m 6.396 ms - -[0m
[api] [0mGET /api/v1/disputes [36m304[0m 28.260 ms - -[0m
[api] [0mGET /api/v1/admin/activity [32m200[0m 28.831 ms - 3448[0m
[api] [0mGET /api/v1/admin/stats [32m200[0m 60.235 ms - 178[0m
[api] [0mGET /api/v1/incidents [36m304[0m 59.858 ms - -[0m
[api] [0mGET /api/v1/disputes [36m304[0m 39.237 ms - -[0m
[api] [0mGET /api/v1/admin/activity [36m304[0m 36.000 ms - -[0m
[api] [0mGET /api/v1/admin/stats [36m304[0m 19.404 ms - -[0m
[api] [0mGET /api/v1/incidents [36m304[0m 16.691 ms - -[0m
[api] [0mGET /api/v1/me [36m304[0m 211.764 ms - -[0m
[api] [0mPOST /api/v1/auth/login [32m200[0m 370.901 ms - 555[0m
[api] [0mGET /api/v1/me [36m304[0m 6.377 ms - -[0m
[api] [0mGET /api/v1/me [36m304[0m 7.835 ms - -[0m
[api] [0mGET /api/v1/me [36m304[0m 8.581 ms - -[0m
[api] [0mGET /api/v1/admin/stats [36m304[0m 17.974 ms - -[0m
[api] [0mGET /api/v1/incidents [36m304[0m 23.419 ms - -[0m
[api] [0mGET /api/v1/disputes [36m304[0m 21.205 ms - -[0m
[api] [0mGET /api/v1/admin/activity [36m304[0m 21.419 ms - -[0m
[api] [0mGET /api/v1/admin/stats [36m304[0m 12.170 ms - -[0m
[api] [0mGET /api/v1/incidents [36m304[0m 11.379 ms - -[0m
[api] [0mGET /api/v1/disputes [36m304[0m 12.084 ms - -[0m
[api] [0mGET /api/v1/admin/activity [36m304[0m 11.370 ms - -[0m
[api] [0mGET /api/v1/me [36m304[0m 6.991 ms - -[0m
[api] [0mGET /api/v1/me [36m304[0m 4.751 ms - -[0m
[api] [0mPOST /api/v1/auth/login [32m200[0m 384.263 ms - 709[0m
[api] [0mGET /api/v1/me [32m200[0m 7.861 ms - 531[0m
[api] [0mGET /api/v1/me [36m304[0m 4.618 ms - -[0m
[api] [0mGET /api/v1/bookings [36m304[0m 15.083 ms - -[0m
[api] [0mGET /api/v1/me/photographer [36m304[0m 21.201 ms - -[0m
[api] [0mGET /api/v1/bookings [36m304[0m 6.861 ms - -[0m
[api] [0mGET /api/v1/me/photographer [36m304[0m 14.820 ms - -[0m
[api] [0mGET /api/v1/me [36m304[0m 9.137 ms - -[0m
[api] [0mGET /api/v1/me [36m304[0m 5.251 ms - -[0m
[api] [0mPOST /api/v1/auth/login [32m200[0m 441.377 ms - 666[0m
[api] [0mGET /api/v1/categories [36m304[0m 3.986 ms - -[0m
[api] [0mGET /api/v1/me [32m200[0m 9.224 ms - 473[0m
[api] [0mGET /api/v1/categories [36m304[0m 4.420 ms - -[0m
[api] [0mGET /api/v1/photographers?sort=rating [36m304[0m 27.577 ms - -[0m
[api] [0mGET /api/v1/me [36m304[0m 6.972 ms - -[0m
[api] [0mGET /api/v1/photographers?sort=rating [36m304[0m 16.374 ms - -[0m
[api] [0mGET /api/v1/photographers?sort=rating [36m304[0m 17.225 ms - -[0m
[api] [0mGET /api/v1/me [36m304[0m 3.796 ms - -[0m
[api] [0mGET /api/v1/me [36m304[0m 6.765 ms - -[0m
[api] [0mGET /api/v1/bookings [32m200[0m 7.619 ms - 7500[0m
[api] [0mGET /api/v1/favorites [36m304[0m 13.398 ms - -[0m
[api] [0mGET /api/v1/bookings [36m304[0m 11.037 ms - -[0m
[api] [0mGET /api/v1/favorites [36m304[0m 17.666 ms - -[0m
[api] [0mGET /api/v1/bookings [36m304[0m 14.609 ms - -[0m
[api] [0mGET /api/v1/favorites [36m304[0m 13.026 ms - -[0m
[api] [0mGET /api/v1/me [36m304[0m 10.990 ms - -[0m
[api] [0mPOST /api/v1/auth/login [32m200[0m 372.322 ms - 555[0m
[api] [0mGET /api/v1/me [36m304[0m 65.346 ms - -[0m
[api] [0mGET /api/v1/me [32m200[0m 4.988 ms - 362[0m
[api] [0mGET /api/v1/me [36m304[0m 4.901 ms - -[0m
[api] [0mGET /api/v1/admin/stats [36m304[0m 12.927 ms - -[0m
[api] [0mGET /api/v1/incidents [36m304[0m 16.909 ms - -[0m
[api] [0mGET /api/v1/disputes [36m304[0m 14.975 ms - -[0m
[api] [0mGET /api/v1/admin/activity [36m304[0m 19.464 ms - -[0m
[api] [0mGET /api/v1/admin/stats [36m304[0m 8.137 ms - -[0m
[api] [0mGET /api/v1/admin/activity [36m304[0m 6.950 ms - -[0m
[api] [0mGET /api/v1/incidents [36m304[0m 11.273 ms - -[0m
[api] [0mGET /api/v1/disputes [36m304[0m 9.415 ms - -[0m
[api] [0mGET /api/v1/admin/users?page=1&limit=25&sortBy=createdAt&sortOrder=desc [32m200[0m 12.492 ms - 3052[0m
[api] [0mGET /api/v1/admin/users?page=1&limit=25&sortBy=createdAt&sortOrder=desc [36m304[0m 7.340 ms - -[0m
[api] [0mGET /api/v1/admin/categories [32m200[0m 5.704 ms - 762[0m
[api] [0mPOST /api/v1/auth/login [32m200[0m 370.028 ms - 709[0m
[api] [0mGET /api/v1/me [32m200[0m 6.748 ms - 531[0m
[api] [0mGET /api/v1/me [36m304[0m 5.894 ms - -[0m
[api] [0mGET /api/v1/bookings [32m200[0m 12.131 ms - 6609[0m
[api] [0mGET /api/v1/me/photographer [36m304[0m 17.049 ms - -[0m
[api] [0mGET /api/v1/bookings [36m304[0m 12.491 ms - -[0m
[api] [0mGET /api/v1/me/photographer [36m304[0m 16.697 ms - -[0m
[api] [0mGET /api/v1/me [36m304[0m 11.599 ms - -[0m
[api] [0mGET /api/v1/me [36m304[0m 166.702 ms - -[0m
[api] [0mPOST /api/v1/auth/login [32m200[0m 376.551 ms - 666[0m
[api] [0mGET /api/v1/me [32m200[0m 6.295 ms - 473[0m
[api] [0mGET /api/v1/me [36m304[0m 10.246 ms - -[0m
[api] [0mGET /api/v1/conversations [32m200[0m 12.538 ms - 6428[0m
[api] [0mGET /api/v1/conversations [36m304[0m 12.898 ms - -[0m
[api] [0mGET /api/v1/conversations/cmot9ixp70003dykgza8m3nga/messages [36m304[0m 18.363 ms - -[0m
[api] [0mPATCH /api/v1/conversations/cmot9ixp70003dykgza8m3nga/read [32m200[0m 19.561 ms - 46[0m
[api] [0mGET /api/v1/conversations/cmosmjs2d000ddy5vwll8syww/messages [32m200[0m 11.155 ms - 367[0m
[api] [0mPATCH /api/v1/conversations/cmosmjs2d000ddy5vwll8syww/read [32m200[0m 20.018 ms - 46[0m
[api] [0mGET /api/v1/me [36m304[0m 5.256 ms - -[0m
[api] [0mGET /api/v1/me [36m304[0m 4.587 ms - -[0m
[api] [0mGET /api/v1/disputes [36m304[0m 12.772 ms - -[0m
[api] [0mGET /api/v1/incidents [36m304[0m 15.039 ms - -[0m
[api] [0mGET /api/v1/bookings [32m200[0m 15.393 ms - 7500[0m
[api] [0mGET /api/v1/disputes [36m304[0m 9.476 ms - -[0m
[api] [0mGET /api/v1/incidents [36m304[0m 8.261 ms - -[0m
[api] [0mGET /api/v1/bookings [36m304[0m 11.907 ms - -[0m
[api] [0mGET /api/v1/me [33m401[0m 0.798 ms - 72[0m
[api] [0mGET /api/v1/photographers?limit=3&sort=rating [36m304[0m 21.718 ms - -[0m
[api] [0mGET /api/v1/me [33m401[0m 2.205 ms - 72[0m
[api] [0mGET /api/v1/photographers?limit=3&sort=rating [36m304[0m 21.274 ms - -[0m
[api] [0mGET /api/v1/me [33m401[0m 0.372 ms - 72[0m
[api] [0mGET /api/v1/me [33m401[0m 0.465 ms - 72[0m
[api] [0mGET /api/v1/me [33m401[0m 0.479 ms - 72[0m
[api] [0mGET /api/v1/me [33m401[0m 0.556 ms - 72[0m
[api] [0mGET /api/v1/me [33m401[0m 0.284 ms - 72[0m
[api] [0mGET /api/v1/me [33m401[0m 0.920 ms - 72[0m
[api] [0mGET /api/v1/photographers?limit=3&sort=rating [36m304[0m 45.338 ms - -[0m
[api] [0mGET /api/v1/photographers?limit=3&sort=rating [36m304[0m 17.006 ms - -[0m
[api] [0mGET /api/v1/me [33m401[0m 1.431 ms - 72[0m
[api] [0mGET /api/v1/categories [36m304[0m 11.846 ms - -[0m
[api] [0mGET /api/v1/photographers?sort=rating [36m304[0m 28.977 ms - -[0m
[api] [0mGET /api/v1/me [33m401[0m 0.333 ms - 72[0m
[api] [0mGET /api/v1/categories [36m304[0m 3.332 ms - -[0m
[api] [0mGET /api/v1/photographers?sort=rating [36m304[0m 12.985 ms - -[0m
[api] [0mGET /api/v1/photographers?sort=rating [36m304[0m 11.704 ms - -[0m
[api] [0mGET /api/v1/me [33m401[0m 0.336 ms - 72[0m
[api] [0mGET /api/v1/me [33m401[0m 0.699 ms - 72[0m
[api] [0mGET /api/v1/me [33m401[0m 0.194 ms - 72[0m
[api] [0mGET /api/v1/me [33m401[0m 0.632 ms - 72[0m
[api] [0mGET /api/v1/me [33m401[0m 0.258 ms - 72[0m
[api] [0mGET /api/v1/me [33m401[0m 0.246 ms - 72[0m
[api] [0mGET /api/v1/photographers?limit=3&sort=rating [36m304[0m 35.810 ms - -[0m
[api] [0mGET /api/v1/photographers?limit=3&sort=rating [36m304[0m 6.019 ms - -[0m
[api] [0mGET /api/v1/categories [36m304[0m 2.739 ms - -[0m
[api] [0mGET /api/v1/me [33m401[0m 1.056 ms - 72[0m
[api] [0mGET /api/v1/categories [36m304[0m 2.823 ms - -[0m
[api] [0mGET /api/v1/me [33m401[0m 0.415 ms - 72[0m
[api] [0mGET /api/v1/photographers?sort=rating [36m304[0m 16.229 ms - -[0m
[api] [0mGET /api/v1/photographers?sort=rating [36m304[0m 11.592 ms - -[0m
[api] [0mGET /api/v1/photographers?sort=rating [36m304[0m 7.666 ms - -[0m
[api] [0mGET /api/v1/photographers/amir-haddad [32m200[0m 16.016 ms - 3848[0m
[api] [0mGET /api/v1/photographers/amir-haddad [32m200[0m 16.945 ms - 3848[0m
[api] [0mGET /api/v1/photographers/amir-haddad/availability?date=2026-05-06&serviceId=cmoslzvav000cdyt7fhtvq3m6 [32m200[0m 30.386 ms - 400[0m
[api] [0mGET /api/v1/photographers/amir-haddad/availability?date=2026-05-06&serviceId=cmoslzvav000cdyt7fhtvq3m6 [36m304[0m 13.516 ms - -[0m
[api] [0mPOST /api/v1/auth/login [32m200[0m 427.759 ms - 666[0m
[api] [0mGET /api/v1/me [36m304[0m 4.893 ms - -[0m
[api] [0mGET /api/v1/me [36m304[0m 4.811 ms - -[0m
[api] [0mGET /api/v1/bookings [36m304[0m 14.157 ms - -[0m
[api] [0mGET /api/v1/favorites [32m200[0m 22.296 ms - 6544[0m
[api] [0mGET /api/v1/bookings [36m304[0m 11.276 ms - -[0m
[api] [0mGET /api/v1/favorites [36m304[0m 20.053 ms - -[0m
[api] [0mGET /api/v1/bookings [36m304[0m 16.163 ms - -[0m
[api] [0mGET /api/v1/favorites [36m304[0m 10.960 ms - -[0m
[api] [0mGET /api/v1/me [36m304[0m 6.907 ms - -[0m
[api] [0mGET /api/v1/me [36m304[0m 5.097 ms - -[0m
[api] [0mGET /api/v1/conversations [32m200[0m 11.626 ms - 6450[0m
[api] [0mGET /api/v1/conversations [36m304[0m 9.081 ms - -[0m
[api] [0mGET /api/v1/conversations/cmot9ixp70003dykgza8m3nga/messages [36m304[0m 16.446 ms - -[0m
[api] [0mPATCH /api/v1/conversations/cmot9ixp70003dykgza8m3nga/read [32m200[0m 27.272 ms - 46[0m
[api] [0mPOST /api/v1/auth/login [32m200[0m 426.291 ms - 709[0m
[api] [0mGET /api/v1/me [32m200[0m 3.730 ms - 531[0m
[api] [0mGET /api/v1/me [36m304[0m 4.148 ms - -[0m
[api] [0mGET /api/v1/me/photographer [32m200[0m 15.779 ms - 3848[0m
[api] [0mGET /api/v1/bookings [32m200[0m 15.052 ms - 6609[0m
[api] [0mGET /api/v1/me/photographer [36m304[0m 10.779 ms - -[0m
[api] [0mGET /api/v1/bookings [36m304[0m 10.608 ms - -[0m
[api] [0mPOST /api/v1/auth/login [32m200[0m 432.087 ms - 555[0m
[api] [0mGET /api/v1/me [32m200[0m 4.187 ms - 362[0m
[api] [0mGET /api/v1/me [36m304[0m 7.537 ms - -[0m
[api] [0mGET /api/v1/incidents [36m304[0m 27.340 ms - -[0m
[api] [0mGET /api/v1/admin/activity [36m304[0m 11.529 ms - -[0m
[api] [0mGET /api/v1/disputes [36m304[0m 14.689 ms - -[0m
[api] [0mGET /api/v1/admin/stats [36m304[0m 37.985 ms - -[0m
[api] [0mGET /api/v1/incidents [36m304[0m 11.604 ms - -[0m
[api] [0mGET /api/v1/admin/activity [36m304[0m 8.819 ms - -[0m
[api] [0mGET /api/v1/disputes [36m304[0m 7.351 ms - -[0m
[api] [0mGET /api/v1/admin/stats [36m304[0m 6.635 ms - -[0m
[api] [0mPATCH /api/v1/admin/disputes/cmoslzvd6002gdyt71j3s3m40 [32m200[0m 35.320 ms - 531[0m
[api] [0mGET /api/v1/disputes [32m200[0m 5.949 ms - 533[0m
[api] [0mGET /api/v1/health [32m200[0m 0.210 ms - 65[0m
[api] [0mPOST /api/v1/auth/login [32m200[0m 361.248 ms - 555[0m
[api] [0mPOST /api/v1/auth/login [32m200[0m 344.345 ms - 666[0m
[api] [0mPOST /api/v1/auth/login [32m200[0m 343.896 ms - 709[0m
[api] [0mPOST /api/v1/auth/register [33m422[0m 1.343 ms - 251[0m
[api] [0mPOST /api/v1/auth/login [32m200[0m 346.319 ms - 666[0m
[api] [0mPOST /api/v1/auth/login [32m200[0m 356.750 ms - 555[0m
[api] [0mPOST /api/v1/auth/login [32m200[0m 354.989 ms - 709[0m
[api] [0mGET /api/v1/me [32m200[0m 4.371 ms - 473[0m
[api] [0mGET /api/v1/categories [32m200[0m 2.271 ms - 426[0m
[api] [0mGET /api/v1/photographers [32m200[0m 27.467 ms - 9247[0m
[api] [0mGET /api/v1/photographers [32m200[0m 11.715 ms - 9247[0m
[api] [0mGET /api/v1/photographers/cmoslzvav000adyt7ua8msdm6 [32m200[0m 13.753 ms - 3848[0m
[api] [0mGET /api/v1/photographers/cmoslzvav000adyt7ua8msdm6/reviews [32m200[0m 10.415 ms - 411[0m
[api] [0mGET /api/v1/bookings?limit=5 [32m200[0m 7.142 ms - 4647[0m
[api] [0mGET /api/v1/photographers/cmoslzvav000adyt7ua8msdm6 [32m200[0m 11.432 ms - 3848[0m
[api] [0mPOST /api/v1/bookings [33m409[0m 10.947 ms - 79[0m
[api] [0mGET /api/v1/conversations?limit=5 [32m200[0m 8.571 ms - 5396[0m
[api] [0mGET /api/v1/conversations?limit=1 [32m200[0m 7.071 ms - 1138[0m
[api] [0mGET /api/v1/conversations/cmot9ixp70003dykgza8m3nga/messages [32m200[0m 5.810 ms - 744[0m
[api] [0mPOST /api/v1/conversations/cmot9ixp70003dykgza8m3nga/messages [32m201[0m 22.783 ms - 379[0m
[api] [0mPOST /api/v1/portfolio [32m201[0m 30.699 ms - 253[0m
[api] [0mPOST /api/v1/favorites/cmoslzvav000adyt7ua8msdm6 [32m201[0m 7.575 ms - 131[0m
[api] [0mGET /api/v1/favorites [32m200[0m 9.928 ms - 6789[0m
[api] [0mGET /api/v1/notifications [32m200[0m 3.917 ms - 714[0m
[api] [0mPOST /api/v1/support [32m201[0m 6.955 ms - 47[0m
[api] [0mGET /api/v1/admin/stats [32m200[0m 50.490 ms - 178[0m
[api] [0mGET /api/v1/admin/users?limit=5 [32m200[0m 8.518 ms - 2232[0m
[api] [0mGET /api/v1/admin/activity?limit=5 [32m200[0m 4.570 ms - 1692[0m
[api] [0mGET /api/v1/me/photographer [32m200[0m 11.025 ms - 4093[0m
[api] [0mGET /api/v1/me/services [32m200[0m 6.546 ms - 540[0m
[api] [0mGET /api/v1/me/availability [32m200[0m 10.632 ms - 2652[0m
[api] [0mGET /api/v1/health [32m200[0m 0.121 ms - 65[0m
[api] [0mPOST /api/v1/auth/login [32m200[0m 346.422 ms - 555[0m
[api] [0mPOST /api/v1/auth/login [32m200[0m 348.093 ms - 666[0m
[api] [0mPOST /api/v1/auth/login [32m200[0m 349.492 ms - 709[0m
[api] [0mPOST /api/v1/auth/register [33m422[0m 0.641 ms - 251[0m
[api] [0mPOST /api/v1/auth/login [32m200[0m 350.749 ms - 666[0m
[api] [0mPOST /api/v1/auth/login [32m200[0m 351.656 ms - 555[0m
[api] [0mPOST /api/v1/auth/login [32m200[0m 347.689 ms - 709[0m
[api] [0mGET /api/v1/me [32m200[0m 6.434 ms - 473[0m
[api] [0mGET /api/v1/categories [32m200[0m 1.387 ms - 426[0m
[api] [0mGET /api/v1/photographers [32m200[0m 12.737 ms - 9492[0m
[api] [0mGET /api/v1/photographers [32m200[0m 10.013 ms - 9492[0m
[api] [0mGET /api/v1/photographers/cmoslzvav000adyt7ua8msdm6 [32m200[0m 14.106 ms - 4093[0m
[api] [0mGET /api/v1/photographers/cmoslzvav000adyt7ua8msdm6/reviews [32m200[0m 6.290 ms - 411[0m
[api] [0mGET /api/v1/bookings?limit=5 [32m200[0m 7.122 ms - 4647[0m
[api] [0mGET /api/v1/photographers/cmoslzvav000adyt7ua8msdm6 [32m200[0m 10.181 ms - 4093[0m
[api] [0mPOST /api/v1/bookings [32m201[0m 34.029 ms - 913[0m
[api] [0mGET /api/v1/conversations?limit=5 [32m200[0m 6.622 ms - 5386[0m
[api] [0mGET /api/v1/conversations?limit=1 [32m200[0m 5.735 ms - 1108[0m
[api] [0mGET /api/v1/conversations/cmota6zeo000ddyzdlgpa2qk6/messages [32m200[0m 4.857 ms - 373[0m
[api] [0mPOST /api/v1/conversations/cmota6zeo000ddyzdlgpa2qk6/messages [32m201[0m 13.765 ms - 379[0m
[api] [0mPOST /api/v1/portfolio [32m201[0m 33.278 ms - 253[0m
[api] [0mPOST /api/v1/favorites/cmoslzvav000adyt7ua8msdm6 [32m201[0m 6.155 ms - 131[0m
[api] [0mGET /api/v1/favorites [32m200[0m 9.714 ms - 7034[0m
[api] [0mGET /api/v1/notifications [32m200[0m 2.872 ms - 714[0m
[api] [0mPOST /api/v1/support [32m201[0m 6.276 ms - 47[0m
[api] [0mGET /api/v1/admin/stats [32m200[0m 7.450 ms - 178[0m
[api] [0mGET /api/v1/admin/users?limit=5 [32m200[0m 6.145 ms - 2232[0m
[api] [0mGET /api/v1/admin/activity?limit=5 [32m200[0m 3.510 ms - 1692[0m
[api] [0mGET /api/v1/me/photographer [32m200[0m 11.230 ms - 4338[0m
[api] [0mGET /api/v1/me/services [32m200[0m 6.079 ms - 540[0m
[api] [0mGET /api/v1/me/availability [32m200[0m 9.362 ms - 2652[0m
[api] [0mGET /api/v1/me [36m304[0m 6.172 ms - -[0m
[api] [0mGET /api/v1/me [36m304[0m 3.845 ms - -[0m
[api] [0mGET /api/v1/admin/stats [32m200[0m 11.980 ms - 178[0m
[api] [0mGET /api/v1/incidents [36m304[0m 11.460 ms - -[0m
[api] [0mGET /api/v1/disputes [36m304[0m 10.058 ms - -[0m
[api] [0mGET /api/v1/admin/activity [32m200[0m 8.478 ms - 3778[0m
[api] [0mGET /api/v1/admin/stats [36m304[0m 8.491 ms - -[0m
[api] [0mGET /api/v1/incidents [36m304[0m 12.317 ms - -[0m
[api] [0mGET /api/v1/disputes [36m304[0m 12.459 ms - -[0m
[api] [0mGET /api/v1/admin/activity [36m304[0m 16.570 ms - -[0m
[api] [0mGET /api/v1/me [36m304[0m 14.003 ms - -[0m
[api] [0mGET /api/v1/me [36m304[0m 4.170 ms - -[0m
[api] [0mGET /api/v1/admin/stats [36m304[0m 9.588 ms - -[0m
[api] [0mGET /api/v1/incidents [36m304[0m 11.025 ms - -[0m
[api] [0mGET /api/v1/admin/activity [36m304[0m 12.788 ms - -[0m
[api] [0mGET /api/v1/disputes [36m304[0m 17.085 ms - -[0m
[api] [0mGET /api/v1/admin/stats [36m304[0m 10.900 ms - -[0m
[api] [0mGET /api/v1/incidents [36m304[0m 15.989 ms - -[0m
[api] [0mGET /api/v1/admin/activity [36m304[0m 14.724 ms - -[0m
[api] [0mGET /api/v1/disputes [36m304[0m 12.235 ms - -[0m
[api] 7:56:39 p.m. [tsx] change in ./server/routes/auth.routes.ts Restarting...
[api] c✅ Database connected successfully
[api] 
[api] ❌ Port 4000 is already in use.
[api]    Run `lsof -i :4000` to find the process, or change PORT in .env
[api] 
[api] 7:56:48 p.m. [tsx] change in ./server/routes/auth.routes.ts Rerunning...
[api] c✅ Database connected successfully
[api] Moussawer API running on http://localhost:4000
[api] API docs available at http://localhost:4000/api-docs
[api] [0mGET /api/v1/me [36m304[0m 20.651 ms - -[0m
[api] [0mGET /api/v1/me [36m304[0m 8.510 ms - -[0m
[api] [0mGET /api/v1/incidents [36m304[0m 28.888 ms - -[0m
[api] [0mGET /api/v1/admin/activity [36m304[0m 37.323 ms - -[0m
[api] [0mGET /api/v1/disputes [36m304[0m 50.397 ms - -[0m
[api] [0mGET /api/v1/admin/stats [36m304[0m 83.016 ms - -[0m
[api] [0mGET /api/v1/incidents [36m304[0m 15.398 ms - -[0m
[api] [0mGET /api/v1/admin/activity [36m304[0m 12.330 ms - -[0m
[api] [0mGET /api/v1/disputes [36m304[0m 6.705 ms - -[0m
[api] [0mGET /api/v1/admin/stats [36m304[0m 12.814 ms - -[0m
[api] [0mGET /api/v1/me [36m304[0m 9.432 ms - -[0m
[api] [0mGET /api/v1/me [36m304[0m 8.067 ms - -[0m
[api] [0mGET /api/v1/admin/stats [36m304[0m 19.007 ms - -[0m
[api] [0mGET /api/v1/incidents [36m304[0m 21.403 ms - -[0m
[api] [0mGET /api/v1/disputes [36m304[0m 24.549 ms - -[0m
[api] [0mGET /api/v1/admin/activity [36m304[0m 23.368 ms - -[0m
[api] [0mGET /api/v1/admin/stats [36m304[0m 9.345 ms - -[0m
[api] [0mGET /api/v1/incidents [36m304[0m 10.722 ms - -[0m
[api] [0mGET /api/v1/disputes [36m304[0m 15.011 ms - -[0m
[api] [0mGET /api/v1/admin/activity [36m304[0m 17.565 ms - -[0m
[api] [0mGET /api/v1/me [36m304[0m 7.521 ms - -[0m
[api] [0mGET /api/v1/me [36m304[0m 8.962 ms - -[0m
[api] [0mGET /api/v1/admin/stats [36m304[0m 16.240 ms - -[0m
[api] [0mGET /api/v1/incidents [36m304[0m 19.665 ms - -[0m
[api] [0mGET /api/v1/disputes [36m304[0m 15.349 ms - -[0m
[api] [0mGET /api/v1/admin/activity [36m304[0m 19.616 ms - -[0m
[api] [0mGET /api/v1/admin/stats [36m304[0m 13.569 ms - -[0m
[api] [0mGET /api/v1/incidents [36m304[0m 16.553 ms - -[0m
[api] [0mGET /api/v1/disputes [36m304[0m 13.689 ms - -[0m
[api] [0mGET /api/v1/admin/activity [36m304[0m 15.477 ms - -[0m
[api] [0mGET /api/v1/me [36m304[0m 9.535 ms - -[0m
[api] [0mGET /api/v1/me [36m304[0m 7.342 ms - -[0m
[api] [0mGET /api/v1/admin/stats [36m304[0m 23.810 ms - -[0m
[api] [0mGET /api/v1/incidents [36m304[0m 23.824 ms - -[0m
[api] [0mGET /api/v1/admin/activity [36m304[0m 9.516 ms - -[0m
[api] [0mGET /api/v1/disputes [36m304[0m 11.884 ms - -[0m
[api] [0mGET /api/v1/admin/stats [36m304[0m 12.314 ms - -[0m
[api] [0mGET /api/v1/incidents [36m304[0m 18.148 ms - -[0m
[api] [0mGET /api/v1/admin/activity [36m304[0m 20.337 ms - -[0m
[api] [0mGET /api/v1/disputes [36m304[0m 9.567 ms - -[0m
[api] [0mGET /api/v1/me [32m200[0m 0.516 ms - 13[0m
[api] [0mPOST /api/v1/auth/login [32m200[0m 360.613 ms - 666[0m
[api] [0mGET /api/v1/me [32m200[0m 4.864 ms - 473[0m
[api] [0mGET /api/v1/me [32m200[0m 0.478 ms - 13[0m
[api] [0mGET /api/v1/me [32m200[0m 0.540 ms - 13[0m
[api] [0mGET /api/v1/me [36m304[0m 0.225 ms - -[0m
[api] [0mGET /api/v1/photographers?limit=3&sort=rating [32m200[0m 28.053 ms - 9736[0m
[api] [0mGET /api/v1/photographers?limit=3&sort=rating [36m304[0m 23.440 ms - -[0m
[api] [0mGET /api/v1/categories [36m304[0m 11.921 ms - -[0m
[api] [0mGET /api/v1/me [36m304[0m 1.064 ms - -[0m
[api] [0mGET /api/v1/me [36m304[0m 0.538 ms - -[0m
[api] [0mGET /api/v1/categories [36m304[0m 2.127 ms - -[0m
[api] [0mGET /api/v1/photographers?sort=rating [32m200[0m 34.242 ms - 9737[0m
[api] [0mGET /api/v1/photographers?sort=rating [36m304[0m 13.008 ms - -[0m
[api] [0mGET /api/v1/photographers?sort=rating [36m304[0m 13.733 ms - -[0m
[api] 8:04:37 p.m. [tsx] change in ./server/routes/health.routes.ts Restarting...
[api] c✅ Database connected successfully
[api] 
[api] ❌ Port 4000 is already in use.
[api]    Run `lsof -i :4000` to find the process, or change PORT in .env
[api] 
[api] 8:05:35 p.m. [tsx] change in ./server/routes/health.routes.ts Rerunning...
[api] c✅ Database connected successfully
[api] 
[api] ❌ Port 4000 is already in use.
[api]    Run `lsof -i :4000` to find the process, or change PORT in .env
[api] 
