
> moussawer@0.1.0 dev
> concurrently -n api,web -c cyan,magenta "npm:dev:api" "npm:dev:web"

[api] 
[api] > moussawer@0.1.0 dev:api
[api] > tsx watch server/index.ts
[api] 
[web] 
[web] > moussawer@0.1.0 dev:web
[web] > vite --host 0.0.0.0
[web] 
[web] 8:47:17 a.m. [vite] (client) Re-optimizing dependencies because lockfile has changed
[web] 
[web]   VITE v6.4.2  ready in 311 ms
[web] 
[web]   ➜  Local:   http://localhost:5173/
[web]   ➜  Network: http://192.168.2.16:5173/
[web]   ➜  Network: http://172.17.0.1:5173/
[api] ✅ Database connected successfully
[api] Moussawer API running on http://localhost:4000
[api] API docs available at http://localhost:4000/api-docs
[api] [0mGET /api/v1/health [32m200[0m 19.108 ms - 65[0m
[api] [0mPOST /api/v1/auth/login [32m200[0m 383.197 ms - 555[0m
[api] [0mPOST /api/v1/auth/login [32m200[0m 358.316 ms - 666[0m
[api] [0mPOST /api/v1/auth/login [32m200[0m 348.289 ms - 709[0m
[api] [0mPOST /api/v1/auth/register [32m201[0m 375.679 ms - 500[0m
[api] [0mGET /api/v1/categories [32m200[0m 3.540 ms - 426[0m
[api] [0mGET /api/v1/photographers [32m200[0m 26.691 ms - 8739[0m
[api] [0mGET /api/v1/photographers [32m200[0m 12.484 ms - 8739[0m
[api] [0mGET /api/v1/photographers/cmoslzvav000adyt7ua8msdm6 [32m200[0m 13.063 ms - 3340[0m
[api] [0mPOST /api/v1/bookings [33m409[0m 17.380 ms - 79[0m
[api] [0mPOST /api/v1/portfolio [32m201[0m 13.946 ms - 271[0m
[api] [0mPOST /api/v1/favorites/cmoslzvav000adyt7ua8msdm6 [32m201[0m 8.478 ms - 131[0m
[api] [0mGET /api/v1/conversations [32m200[0m 7.379 ms - 2126[0m
[api] [0mPOST /api/v1/conversations/cmosm6bdl0009dyxmp2bpzdrl/messages [32m201[0m 15.370 ms - 381[0m
[api] [0mPOST /api/v1/support [33m422[0m 2.183 ms - 170[0m
[api] [0mGET /api/v1/admin/stats [32m200[0m 40.120 ms - 177[0m
[api] [0mGET /api/v1/admin/users?limit=50 [32m200[0m 6.650 ms - 3052[0m
[api] [0mGET /api/v1/admin/activity?limit=10 [32m200[0m 7.552 ms - 1804[0m
[api] [0mPOST /api/v1/auth/login [32m200[0m 362.763 ms - 666[0m
[api] [0mGET /api/v1/photographers [32m200[0m 12.022 ms - 9002[0m
[api] [0mGET /api/v1/photographers/cmoslzvav000adyt7ua8msdm6 [32m200[0m 10.765 ms - 3603[0m
[api] [0mPOST /api/v1/bookings [32m201[0m 28.428 ms - 907[0m
[api] 8:51:38 a.m. [tsx] change in ./server/routes/bookings.routes.ts Restarting...
[api] c✅ Database connected successfully
[api] Moussawer API running on http://localhost:4000
[api] API docs available at http://localhost:4000/api-docs
[api] 8:51:48 a.m. [tsx] change in ./server/routes/bookings.routes.ts Restarting...
[api] c✅ Database connected successfully
[api] Moussawer API running on http://localhost:4000
[api] API docs available at http://localhost:4000/api-docs
[api] 8:51:55 a.m. [tsx] change in ./server/routes/messaging.routes.ts Restarting...
[api] c✅ Database connected successfully
[api] Moussawer API running on http://localhost:4000
[api] API docs available at http://localhost:4000/api-docs
[api] 8:52:10 a.m. [tsx] change in ./server/routes/messaging.routes.ts Restarting...
[api] c✅ Database connected successfully
[api] Moussawer API running on http://localhost:4000
[api] API docs available at http://localhost:4000/api-docs
[api] 8:52:19 a.m. [tsx] change in ./server/app.ts Restarting...
[api] c✅ Database connected successfully
[api] Moussawer API running on http://localhost:4000
[api] API docs available at http://localhost:4000/api-docs
[web] npm run dev:web exited with code 143
[api] 7:31:19 p.m. [tsx] change in ./server/app.ts Rerunning...
[api] c✅ Database connected successfully
[api] Moussawer API running on http://localhost:4000
[api] API docs available at http://localhost:4000/api-docs
[api] [0mGET /api/v1/health [32m200[0m 13.098 ms - 65[0m
[api] [0mGET /api/v1/health [32m200[0m 0.343 ms - 65[0m
[api] [0mPOST /api/v1/auth/login [32m200[0m 369.777 ms - 555[0m
[api] [0mPOST /api/v1/auth/login [32m200[0m 353.988 ms - 666[0m
[api] [0mPOST /api/v1/auth/login [32m200[0m 352.660 ms - 709[0m
[api] [0mPOST /api/v1/auth/register [33m422[0m 1.825 ms - 251[0m
[api] [0mPOST /api/v1/auth/login [32m200[0m 350.881 ms - 666[0m
[api] [0mPOST /api/v1/auth/login [32m200[0m 354.942 ms - 555[0m
[api] [0mPOST /api/v1/auth/login [32m200[0m 353.445 ms - 709[0m
[api] [0mGET /api/v1/me [32m200[0m 8.716 ms - 473[0m
[api] [0mGET /api/v1/categories [32m200[0m 2.241 ms - 426[0m
[api] [0mGET /api/v1/photographers [32m200[0m 29.371 ms - 9002[0m
[api] [0mGET /api/v1/photographers [32m200[0m 14.880 ms - 9002[0m
[api] [0mGET /api/v1/photographers/cmoslzvav000adyt7ua8msdm6 [32m200[0m 18.840 ms - 3603[0m
[api] [0mGET /api/v1/photographers/cmoslzvav000adyt7ua8msdm6/reviews [32m200[0m 9.505 ms - 411[0m
[api] [0mGET /api/v1/bookings?limit=5 [32m200[0m 10.981 ms - 4708[0m
[api] [0mGET /api/v1/photographers/cmoslzvav000adyt7ua8msdm6 [32m200[0m 14.241 ms - 3603[0m
[api] [0mPOST /api/v1/bookings [32m201[0m 28.004 ms - 913[0m
[api] [0mGET /api/v1/conversations?limit=5 [32m200[0m 9.940 ms - 5344[0m
[api] [0mGET /api/v1/conversations?limit=1 [32m200[0m 7.586 ms - 1108[0m
[api] [0mGET /api/v1/conversations/cmot9ixp70003dykgza8m3nga/messages [32m200[0m 12.885 ms - 373[0m
[api] [0mPOST /api/v1/conversations/cmot9ixp70003dykgza8m3nga/messages [32m201[0m 15.354 ms - 379[0m
[api] [0mPOST /api/v1/portfolio [32m201[0m 33.358 ms - 253[0m
[api] [0mPOST /api/v1/favorites/cmoslzvav000adyt7ua8msdm6 [32m201[0m 5.951 ms - 131[0m
[api] [0mGET /api/v1/favorites [32m200[0m 10.770 ms - 6544[0m
[api] [0mGET /api/v1/notifications [32m200[0m 3.544 ms - 480[0m
[api] [0mPOST /api/v1/support [32m201[0m 6.184 ms - 47[0m
[api] [0mGET /api/v1/admin/stats [32m200[0m 46.819 ms - 178[0m
[api] [0mGET /api/v1/admin/users?limit=5 [32m200[0m 6.675 ms - 2232[0m
[api] [0mGET /api/v1/admin/activity?limit=5 [32m200[0m 5.906 ms - 1692[0m
[api] [0mGET /api/v1/me/photographer [32m200[0m 9.920 ms - 3848[0m
[api] [0mGET /api/v1/me/services [32m200[0m 8.289 ms - 540[0m
[api] [0mGET /api/v1/me/availability [32m200[0m 10.973 ms - 2652[0m
[api] 7:32:55 p.m. [tsx] change in ./server/services/availability.ts Restarting...
[api] c✅ Database connected successfully
[api] 
[api] ❌ Port 4000 is already in use.
[api]    Run `lsof -i :4000` to find the process, or change PORT in .env
[api] 
[api] 7:56:39 p.m. [tsx] change in ./server/routes/auth.routes.ts Rerunning...
[api] c✅ Database connected successfully
[api] 
[api] ❌ Port 4000 is already in use.
[api]    Run `lsof -i :4000` to find the process, or change PORT in .env
[api] 
[api] 7:56:48 p.m. [tsx] change in ./server/routes/auth.routes.ts Rerunning...
[api] c✅ Database connected successfully
[api] 
[api] ❌ Port 4000 is already in use.
[api]    Run `lsof -i :4000` to find the process, or change PORT in .env
[api] 
[api] 8:04:37 p.m. [tsx] change in ./server/routes/health.routes.ts Rerunning...
[api] c✅ Database connected successfully
[api] 
[api] ❌ Port 4000 is already in use.
[api]    Run `lsof -i :4000` to find the process, or change PORT in .env
[api] 
[api] 8:05:35 p.m. [tsx] change in ./server/routes/health.routes.ts Rerunning...
[api] c✅ Database connected successfully
[api] Moussawer API running on http://localhost:4000
[api] API docs available at http://localhost:4000/api-docs
