
> moussawer@0.1.0 dev
> concurrently -n api,web -c cyan,magenta "npm:dev:api" "npm:dev:web"

[api] 
[api] > moussawer@0.1.0 dev:api
[api] > tsx watch server/index.ts
[api] 
[web] 
[web] > moussawer@0.1.0 dev:web
[web] > vite --host 0.0.0.0
[web] 
[web] 
[web]   VITE v6.4.2  ready in 257 ms
[web] 
[web]   ➜  Local:   http://localhost:5173/
[web]   ➜  Network: http://192.168.2.16:5173/
[web]   ➜  Network: http://172.17.0.1:5173/
[api] ✅ Database connected successfully
[api] 
[api] ❌ Port 4000 is already in use.
[api]    Run `lsof -i :4000` to find the process, or change PORT in .env
[api] 
[api] 7:32:55 p.m. [tsx] change in ./server/services/availability.ts Rerunning...
[api] c✅ Database connected successfully
[api] 
[api] ❌ Port 4000 is already in use.
[api]    Run `lsof -i :4000` to find the process, or change PORT in .env
[api] 
[web] 7:42:16 p.m. [vite] (client) hmr update /src/contexts/AuthContext.tsx, /src/pages/HomePage.tsx, /src/pages/CasesPage.tsx, /src/pages/DiscoveryPage.tsx, /src/pages/MessagesPage.tsx, /src/pages/DashboardPage.tsx, /src/pages/PhotographerProfilePage.tsx, /src/pages/AdminPage.tsx, /src/pages/SupportPage.tsx, /src/pages/photographer/PhotographerDashboard.tsx, /src/components/PhotographerCard.tsx, /src/pages/admin/ActivityTab.tsx, /src/pages/admin/BookingsTab.tsx, /src/pages/admin/IncidentsTab.tsx, /src/pages/admin/DisputesTab.tsx, /src/pages/admin/UsersTab.tsx, /src/pages/admin/UserFormModal.tsx
[web] 7:42:17 p.m. [vite] (client) hmr invalidate /src/contexts/AuthContext.tsx Could not Fast Refresh ("useAuth" export is incompatible). Learn more at https://github.com/vitejs/vite-plugin-react/tree/main/packages/plugin-react#consistent-components-exports
[web] 7:42:17 p.m. [vite] (client) page reload src/contexts/AuthContext.tsx
[web] 7:51:38 p.m. [vite] .env changed, restarting server...
[web] 7:51:38 p.m. [vite] server restarted.
[web] 7:51:50 p.m. [vite] .env changed, restarting server...
[web] 7:51:50 p.m. [vite] server restarted.
[api] 7:56:39 p.m. [tsx] change in ./server/routes/auth.routes.ts Rerunning...
[api] c✅ Database connected successfully
[api] Moussawer API running on http://localhost:4000
[api] API docs available at http://localhost:4000/api-docs
[api] 7:56:48 p.m. [tsx] change in ./server/routes/auth.routes.ts Restarting...
[api] c✅ Database connected successfully
[api] 
[api] ❌ Port 4000 is already in use.
[api]    Run `lsof -i :4000` to find the process, or change PORT in .env
[api] 
[web] 7:56:59 p.m. [vite] (client) hmr update /src/contexts/AuthContext.tsx
[web] 7:56:59 p.m. [vite] (client) hmr invalidate /src/contexts/AuthContext.tsx Could not Fast Refresh ("useAuth" export is incompatible). Learn more at https://github.com/vitejs/vite-plugin-react/tree/main/packages/plugin-react#consistent-components-exports
[web] 7:56:59 p.m. [vite] (client) page reload src/contexts/AuthContext.tsx
[web] 7:57:15 p.m. [vite] (client) hmr update /src/contexts/AuthContext.tsx
[web] 7:57:15 p.m. [vite] (client) hmr invalidate /src/contexts/AuthContext.tsx Could not Fast Refresh ("useAuth" export is incompatible). Learn more at https://github.com/vitejs/vite-plugin-react/tree/main/packages/plugin-react#consistent-components-exports
[web] 7:57:15 p.m. [vite] (client) page reload src/contexts/AuthContext.tsx
[web] 7:57:22 p.m. [vite] (client) hmr update /src/contexts/AuthContext.tsx
[web] 7:57:22 p.m. [vite] (client) hmr invalidate /src/contexts/AuthContext.tsx Could not Fast Refresh ("useAuth" export is incompatible). Learn more at https://github.com/vitejs/vite-plugin-react/tree/main/packages/plugin-react#consistent-components-exports
[web] 7:57:22 p.m. [vite] (client) page reload src/contexts/AuthContext.tsx
[web] 7:57:37 p.m. [vite] (client) hmr update /src/contexts/AuthContext.tsx
[web] 7:57:37 p.m. [vite] (client) hmr invalidate /src/contexts/AuthContext.tsx Could not Fast Refresh ("useAuth" export is incompatible). Learn more at https://github.com/vitejs/vite-plugin-react/tree/main/packages/plugin-react#consistent-components-exports
[web] 7:57:37 p.m. [vite] (client) page reload src/contexts/AuthContext.tsx
[api] 8:04:37 p.m. [tsx] change in ./server/routes/health.routes.ts Rerunning...
[api] c✅ Database connected successfully
[api] Moussawer API running on http://localhost:4000
[api] API docs available at http://localhost:4000/api-docs
[api] 8:05:35 p.m. [tsx] change in ./server/routes/health.routes.ts Restarting...
[api] c✅ Database connected successfully
[api] 
[api] ❌ Port 4000 is already in use.
[api]    Run `lsof -i :4000` to find the process, or change PORT in .env
[api] 
